                             latency        interval
transaction       0:               4               3
transaction       1:               4               3
transaction       2:               4               3
transaction       3:               4               3
transaction       4:               4               3
transaction       5:               4               3
transaction       6:               4               3
transaction       7:               4               3
transaction       8:               4               3
transaction       9:               4               3
transaction      10:               4               3
transaction      11:               4               3
transaction      12:               4               3
transaction      13:               4               3
transaction      14:               4               3
transaction      15:               4               3
transaction      16:               4               3
transaction      17:               4               3
transaction      18:               4               3
transaction      19:               4               3
transaction      20:               4               3
transaction      21:               4               3
transaction      22:               4               3
transaction      23:               4               3
transaction      24:               4               3
transaction      25:               4               3
transaction      26:               4               3
transaction      27:               4               3
transaction      28:               4               3
transaction      29:               4               3
transaction      30:               4               3
transaction      31:               4               3
transaction      32:               4               3
transaction      33:               4               3
transaction      34:               4               3
transaction      35:               4               3
transaction      36:               4               3
transaction      37:               4               3
transaction      38:               4               3
transaction      39:               4               3
transaction      40:               4               3
transaction      41:               4               3
transaction      42:               4               3
transaction      43:               4               3
transaction      44:               4               3
transaction      45:               4               3
transaction      46:               4               3
transaction      47:               4               3
transaction      48:               4               3
transaction      49:               4               3
transaction      50:               4               3
transaction      51:               4               3
transaction      52:               4               3
transaction      53:               4               3
transaction      54:               4               3
transaction      55:               4               3
transaction      56:               4               3
transaction      57:               4               3
transaction      58:               4               3
transaction      59:               4               3
transaction      60:               4               3
transaction      61:               4               3
transaction      62:               4               3
transaction      63:               4               3
transaction      64:               4               3
transaction      65:               4               3
transaction      66:               4               3
transaction      67:               4               3
transaction      68:               4               3
transaction      69:               4               3
transaction      70:               4               3
transaction      71:               4               3
transaction      72:               4               3
transaction      73:               4               3
transaction      74:               4               3
transaction      75:               4               3
transaction      76:               4               3
transaction      77:               4               3
transaction      78:               4               3
transaction      79:               4               3
transaction      80:               4               3
transaction      81:               4               3
transaction      82:               4               3
transaction      83:               4               3
transaction      84:               4               3
transaction      85:               4               3
transaction      86:               4               3
transaction      87:               4               3
transaction      88:               4               3
transaction      89:               4               3
transaction      90:               4               3
transaction      91:               4               3
transaction      92:               4               3
transaction      93:               4               3
transaction      94:               4               3
transaction      95:               4               3
transaction      96:               4               3
transaction      97:               4               3
transaction      98:               4               3
transaction      99:               4               3
transaction     100:               4               3
transaction     101:               4               3
transaction     102:               4               3
transaction     103:               4               3
transaction     104:               4               3
transaction     105:               4               3
transaction     106:               4               3
transaction     107:               4               3
transaction     108:               4               3
transaction     109:               4               3
transaction     110:               4               3
transaction     111:               4               3
transaction     112:               4               3
transaction     113:               4               3
transaction     114:               4               3
transaction     115:               4               3
transaction     116:               4               3
transaction     117:               4               3
transaction     118:               4               3
transaction     119:               4               3
transaction     120:               4               3
transaction     121:               4               3
transaction     122:               4               3
transaction     123:               4               3
transaction     124:               4               3
transaction     125:               4               3
transaction     126:               4               3
transaction     127:               4               3
transaction     128:               4               3
transaction     129:               4               3
transaction     130:               4               3
transaction     131:               4               3
transaction     132:               4               3
transaction     133:               4               3
transaction     134:               4               3
transaction     135:               4               3
transaction     136:               4               3
transaction     137:               4               3
transaction     138:               4               3
transaction     139:               4               3
transaction     140:               4               3
transaction     141:               4               3
transaction     142:               4               3
transaction     143:               4               3
transaction     144:               4               3
transaction     145:               4               3
transaction     146:               4               3
transaction     147:               4               3
transaction     148:               4               3
transaction     149:               4               3
transaction     150:               4               3
transaction     151:               4               3
transaction     152:               4               3
transaction     153:               4               3
transaction     154:               4               3
transaction     155:               4               3
transaction     156:               4               3
transaction     157:               4               3
transaction     158:               4               3
transaction     159:               4               3
transaction     160:               4               3
transaction     161:               4               3
transaction     162:               4               3
transaction     163:               4               3
transaction     164:               4               3
transaction     165:               4               3
transaction     166:               4               3
transaction     167:               4               3
transaction     168:               4               3
transaction     169:               4               3
transaction     170:               4               3
transaction     171:               4               3
transaction     172:               4               3
transaction     173:               4               3
transaction     174:               4               3
transaction     175:               4               3
transaction     176:               4               3
transaction     177:               4               3
transaction     178:               4               3
transaction     179:               4               3
transaction     180:               4               3
transaction     181:               4               3
transaction     182:               4               3
transaction     183:               4               3
transaction     184:               4               3
transaction     185:               4               3
transaction     186:               4               3
transaction     187:               4               3
transaction     188:               4               3
transaction     189:               4               3
transaction     190:               4               3
transaction     191:               4               3
transaction     192:               4               3
transaction     193:               4               3
transaction     194:               4               3
transaction     195:               4               3
transaction     196:               4               3
transaction     197:               4               3
transaction     198:               4               3
transaction     199:               4               3
transaction     200:               4               3
transaction     201:               4               3
transaction     202:               4               3
transaction     203:               4               3
transaction     204:               4               3
transaction     205:               4               3
transaction     206:               4               3
transaction     207:               4               3
transaction     208:               4               3
transaction     209:               4               3
transaction     210:               4               3
transaction     211:               4               3
transaction     212:               4               3
transaction     213:               4               3
transaction     214:               4               3
transaction     215:               4               3
transaction     216:               4               3
transaction     217:               4               3
transaction     218:               4               3
transaction     219:               4               3
transaction     220:               4               3
transaction     221:               4               3
transaction     222:               4               3
transaction     223:               4               3
transaction     224:               4               3
transaction     225:               4               3
transaction     226:               4               3
transaction     227:               4               3
transaction     228:               4               3
transaction     229:               4               3
transaction     230:               4               3
transaction     231:               4               3
transaction     232:               4               3
transaction     233:               4               3
transaction     234:               4               3
transaction     235:               4               3
transaction     236:               4               3
transaction     237:               4               3
transaction     238:               4               3
transaction     239:               4               3
transaction     240:               4               3
transaction     241:               4               3
transaction     242:               4               3
transaction     243:               4               3
transaction     244:               4               3
transaction     245:               4               3
transaction     246:               4               3
transaction     247:               4               3
transaction     248:               4               3
transaction     249:               4               3
transaction     250:               4               3
transaction     251:               4               3
transaction     252:               4               3
transaction     253:               4               3
transaction     254:               4               3
transaction     255:               4               3
transaction     256:               4               3
transaction     257:               4               3
transaction     258:               4               3
transaction     259:               4               3
transaction     260:               4               3
transaction     261:               4               3
transaction     262:               4               3
transaction     263:               4               3
transaction     264:               4               3
transaction     265:               4               3
transaction     266:               4               3
transaction     267:               4               3
transaction     268:               4               3
transaction     269:               4               3
transaction     270:               4               3
transaction     271:               4               3
transaction     272:               4               3
transaction     273:               4               3
transaction     274:               4               3
transaction     275:               4               3
transaction     276:               4               3
transaction     277:               4               3
transaction     278:               4               3
transaction     279:               4               3
transaction     280:               4               3
transaction     281:               4               3
transaction     282:               4               3
transaction     283:               4               3
transaction     284:               4               3
transaction     285:               4               3
transaction     286:               4               3
transaction     287:               4               3
transaction     288:               4               3
transaction     289:               4               3
transaction     290:               4               3
transaction     291:               4               3
transaction     292:               4               3
transaction     293:               4               3
transaction     294:               4               3
transaction     295:               4               3
transaction     296:               4               3
transaction     297:               4               3
transaction     298:               4               3
transaction     299:               4               3
transaction     300:               4               3
transaction     301:               4               3
transaction     302:               4               3
transaction     303:               4               3
transaction     304:               4               3
transaction     305:               4               3
transaction     306:               4               3
transaction     307:               4               3
transaction     308:               4               3
transaction     309:               4               3
transaction     310:               4               3
transaction     311:               4               3
transaction     312:               4               3
transaction     313:               4               3
transaction     314:               4               3
transaction     315:               4               3
transaction     316:               4               3
transaction     317:               4               3
transaction     318:               4               3
transaction     319:               4               3
transaction     320:               4               3
transaction     321:               4               3
transaction     322:               4               3
transaction     323:               4               3
transaction     324:               4               3
transaction     325:               4               3
transaction     326:               4               3
transaction     327:               4               3
transaction     328:               4               3
transaction     329:               4               3
transaction     330:               4               3
transaction     331:               4               3
transaction     332:               4               3
transaction     333:               4               3
transaction     334:               4               3
transaction     335:               4               x
