

================================================================
== Vivado HLS Report for 'algo_unpacked'
================================================================
* Date:           Mon Jan 21 17:15:31 2019

* Version:        2018.2 (Build 2258646 on Thu Jun 14 20:25:20 MDT 2018)
* Project:        proj
* Solution:       solution1
* Product family: virtex7
* Target device:  xc7vx690tffg1927-2


================================================================
== Performance Estimates
================================================================
+ Timing (ns): 
    * Summary: 
    +--------+-------+----------+------------+
    |  Clock | Target| Estimated| Uncertainty|
    +--------+-------+----------+------------+
    |ap_clk  |   8.33|     7.139|        1.04|
    +--------+-------+----------+------------+

+ Latency (clock cycles): 
    * Summary: 
    +-----+-----+-----+-----+----------+
    |  Latency  |  Interval | Pipeline |
    | min | max | min | max |   Type   |
    +-----+-----+-----+-----+----------+
    |    4|    4|    3|    3| function |
    +-----+-----+-----+-----+----------+

    + Detail: 
        * Instance: 
        N/A

        * Loop: 
        N/A



================================================================
== Utilization Estimates
================================================================
* Summary: 
+-----------------+---------+-------+--------+--------+
|       Name      | BRAM_18K| DSP48E|   FF   |   LUT  |
+-----------------+---------+-------+--------+--------+
|DSP              |        -|      -|       -|       -|
|Expression       |        -|      -|       0|    8981|
|FIFO             |        -|      -|       -|       -|
|Instance         |        -|    768|   17328|    8592|
|Memory           |        -|      -|       -|       -|
|Multiplexer      |        -|      -|       -|      39|
|Register         |        -|      -|    8653|       -|
+-----------------+---------+-------+--------+--------+
|Total            |        0|    768|   25981|   17612|
+-----------------+---------+-------+--------+--------+
|Available        |     2940|   3600|  866400|  433200|
+-----------------+---------+-------+--------+--------+
|Utilization (%)  |        0|     21|       2|       4|
+-----------------+---------+-------+--------+--------+

+ Detail: 
    * Instance: 
    +--------------------------+----------------------+---------+-------+-----+-----+
    |         Instance         |        Module        | BRAM_18K| DSP48E|  FF | LUT |
    +--------------------------+----------------------+---------+-------+-----+-----+
    |algo_unpacked_mulbkb_U1   |algo_unpacked_mulbkb  |        0|     16|  361|  179|
    |algo_unpacked_mulbkb_U2   |algo_unpacked_mulbkb  |        0|     16|  361|  179|
    |algo_unpacked_mulbkb_U3   |algo_unpacked_mulbkb  |        0|     16|  361|  179|
    |algo_unpacked_mulbkb_U4   |algo_unpacked_mulbkb  |        0|     16|  361|  179|
    |algo_unpacked_mulbkb_U5   |algo_unpacked_mulbkb  |        0|     16|  361|  179|
    |algo_unpacked_mulbkb_U6   |algo_unpacked_mulbkb  |        0|     16|  361|  179|
    |algo_unpacked_mulbkb_U7   |algo_unpacked_mulbkb  |        0|     16|  361|  179|
    |algo_unpacked_mulbkb_U8   |algo_unpacked_mulbkb  |        0|     16|  361|  179|
    |algo_unpacked_mulbkb_U9   |algo_unpacked_mulbkb  |        0|     16|  361|  179|
    |algo_unpacked_mulbkb_U10  |algo_unpacked_mulbkb  |        0|     16|  361|  179|
    |algo_unpacked_mulbkb_U11  |algo_unpacked_mulbkb  |        0|     16|  361|  179|
    |algo_unpacked_mulbkb_U12  |algo_unpacked_mulbkb  |        0|     16|  361|  179|
    |algo_unpacked_mulbkb_U13  |algo_unpacked_mulbkb  |        0|     16|  361|  179|
    |algo_unpacked_mulbkb_U14  |algo_unpacked_mulbkb  |        0|     16|  361|  179|
    |algo_unpacked_mulbkb_U15  |algo_unpacked_mulbkb  |        0|     16|  361|  179|
    |algo_unpacked_mulbkb_U16  |algo_unpacked_mulbkb  |        0|     16|  361|  179|
    |algo_unpacked_mulbkb_U17  |algo_unpacked_mulbkb  |        0|     16|  361|  179|
    |algo_unpacked_mulbkb_U18  |algo_unpacked_mulbkb  |        0|     16|  361|  179|
    |algo_unpacked_mulbkb_U19  |algo_unpacked_mulbkb  |        0|     16|  361|  179|
    |algo_unpacked_mulbkb_U20  |algo_unpacked_mulbkb  |        0|     16|  361|  179|
    |algo_unpacked_mulbkb_U21  |algo_unpacked_mulbkb  |        0|     16|  361|  179|
    |algo_unpacked_mulbkb_U22  |algo_unpacked_mulbkb  |        0|     16|  361|  179|
    |algo_unpacked_mulbkb_U23  |algo_unpacked_mulbkb  |        0|     16|  361|  179|
    |algo_unpacked_mulbkb_U24  |algo_unpacked_mulbkb  |        0|     16|  361|  179|
    |algo_unpacked_mulbkb_U25  |algo_unpacked_mulbkb  |        0|     16|  361|  179|
    |algo_unpacked_mulbkb_U26  |algo_unpacked_mulbkb  |        0|     16|  361|  179|
    |algo_unpacked_mulbkb_U27  |algo_unpacked_mulbkb  |        0|     16|  361|  179|
    |algo_unpacked_mulbkb_U28  |algo_unpacked_mulbkb  |        0|     16|  361|  179|
    |algo_unpacked_mulbkb_U29  |algo_unpacked_mulbkb  |        0|     16|  361|  179|
    |algo_unpacked_mulbkb_U30  |algo_unpacked_mulbkb  |        0|     16|  361|  179|
    |algo_unpacked_mulbkb_U31  |algo_unpacked_mulbkb  |        0|     16|  361|  179|
    |algo_unpacked_mulbkb_U32  |algo_unpacked_mulbkb  |        0|     16|  361|  179|
    |algo_unpacked_mulbkb_U33  |algo_unpacked_mulbkb  |        0|     16|  361|  179|
    |algo_unpacked_mulbkb_U34  |algo_unpacked_mulbkb  |        0|     16|  361|  179|
    |algo_unpacked_mulbkb_U35  |algo_unpacked_mulbkb  |        0|     16|  361|  179|
    |algo_unpacked_mulbkb_U36  |algo_unpacked_mulbkb  |        0|     16|  361|  179|
    |algo_unpacked_mulbkb_U37  |algo_unpacked_mulbkb  |        0|     16|  361|  179|
    |algo_unpacked_mulbkb_U38  |algo_unpacked_mulbkb  |        0|     16|  361|  179|
    |algo_unpacked_mulbkb_U39  |algo_unpacked_mulbkb  |        0|     16|  361|  179|
    |algo_unpacked_mulbkb_U40  |algo_unpacked_mulbkb  |        0|     16|  361|  179|
    |algo_unpacked_mulbkb_U41  |algo_unpacked_mulbkb  |        0|     16|  361|  179|
    |algo_unpacked_mulbkb_U42  |algo_unpacked_mulbkb  |        0|     16|  361|  179|
    |algo_unpacked_mulbkb_U43  |algo_unpacked_mulbkb  |        0|     16|  361|  179|
    |algo_unpacked_mulbkb_U44  |algo_unpacked_mulbkb  |        0|     16|  361|  179|
    |algo_unpacked_mulbkb_U45  |algo_unpacked_mulbkb  |        0|     16|  361|  179|
    |algo_unpacked_mulbkb_U46  |algo_unpacked_mulbkb  |        0|     16|  361|  179|
    |algo_unpacked_mulbkb_U47  |algo_unpacked_mulbkb  |        0|     16|  361|  179|
    |algo_unpacked_mulbkb_U48  |algo_unpacked_mulbkb  |        0|     16|  361|  179|
    +--------------------------+----------------------+---------+-------+-----+-----+
    |Total                     |                      |        0|    768|17328| 8592|
    +--------------------------+----------------------+---------+-------+-----+-----+

    * DSP48: 
    N/A

    * Memory: 
    N/A

    * FIFO: 
    N/A

    * Expression: 
    +---------------------------+----------+-------+---+-----+------------+------------+
    |       Variable Name       | Operation| DSP48E| FF| LUT | Bitwidth P0| Bitwidth P1|
    +---------------------------+----------+-------+---+-----+------------+------------+
    |loc_V_10_fu_1616_p2        |     +    |      0|  0|  191|         184|           4|
    |loc_V_11_fu_1630_p2        |     +    |      0|  0|  191|         184|           4|
    |loc_V_12_fu_1644_p2        |     +    |      0|  0|  191|         184|           4|
    |loc_V_13_fu_1658_p2        |     +    |      0|  0|  191|         184|           4|
    |loc_V_14_fu_1672_p2        |     +    |      0|  0|  191|         184|           4|
    |loc_V_15_fu_1686_p2        |     +    |      0|  0|  191|         184|           5|
    |loc_V_16_fu_1949_p2        |     +    |      0|  0|  191|         184|           5|
    |loc_V_17_fu_1963_p2        |     +    |      0|  0|  191|         184|           5|
    |loc_V_18_fu_1977_p2        |     +    |      0|  0|  191|         184|           5|
    |loc_V_19_fu_1991_p2        |     +    |      0|  0|  191|         184|           5|
    |loc_V_1_fu_1476_p2         |     +    |      0|  0|  191|         184|           1|
    |loc_V_20_fu_2005_p2        |     +    |      0|  0|  191|         184|           5|
    |loc_V_21_fu_2019_p2        |     +    |      0|  0|  191|         184|           5|
    |loc_V_22_fu_2033_p2        |     +    |      0|  0|  191|         184|           5|
    |loc_V_23_fu_2047_p2        |     +    |      0|  0|  191|         184|           5|
    |loc_V_24_fu_2061_p2        |     +    |      0|  0|  191|         184|           5|
    |loc_V_25_fu_2075_p2        |     +    |      0|  0|  191|         184|           5|
    |loc_V_26_fu_2089_p2        |     +    |      0|  0|  191|         184|           5|
    |loc_V_27_fu_2103_p2        |     +    |      0|  0|  191|         184|           5|
    |loc_V_28_fu_2117_p2        |     +    |      0|  0|  191|         184|           5|
    |loc_V_29_fu_2131_p2        |     +    |      0|  0|  191|         184|           5|
    |loc_V_2_fu_1490_p2         |     +    |      0|  0|  191|         184|           2|
    |loc_V_30_fu_2145_p2        |     +    |      0|  0|  191|         184|           5|
    |loc_V_31_fu_2159_p2        |     +    |      0|  0|  191|         184|           6|
    |loc_V_32_fu_2173_p2        |     +    |      0|  0|  191|         184|           6|
    |loc_V_33_fu_2187_p2        |     +    |      0|  0|  191|         184|           6|
    |loc_V_34_fu_2201_p2        |     +    |      0|  0|  191|         184|           6|
    |loc_V_35_fu_2215_p2        |     +    |      0|  0|  191|         184|           6|
    |loc_V_36_fu_2229_p2        |     +    |      0|  0|  191|         184|           6|
    |loc_V_37_fu_2243_p2        |     +    |      0|  0|  191|         184|           6|
    |loc_V_38_fu_2257_p2        |     +    |      0|  0|  191|         184|           6|
    |loc_V_39_fu_2271_p2        |     +    |      0|  0|  191|         184|           6|
    |loc_V_3_fu_1504_p2         |     +    |      0|  0|  191|         184|           2|
    |loc_V_40_fu_2285_p2        |     +    |      0|  0|  191|         184|           6|
    |loc_V_41_fu_2299_p2        |     +    |      0|  0|  191|         184|           6|
    |loc_V_42_fu_2313_p2        |     +    |      0|  0|  191|         184|           6|
    |loc_V_43_fu_2327_p2        |     +    |      0|  0|  191|         184|           6|
    |loc_V_44_fu_2341_p2        |     +    |      0|  0|  191|         184|           6|
    |loc_V_45_fu_2355_p2        |     +    |      0|  0|  191|         184|           6|
    |loc_V_46_fu_2369_p2        |     +    |      0|  0|  191|         184|           6|
    |loc_V_4_fu_1518_p2         |     +    |      0|  0|  191|         184|           3|
    |loc_V_5_fu_1532_p2         |     +    |      0|  0|  191|         184|           3|
    |loc_V_6_fu_1546_p2         |     +    |      0|  0|  191|         184|           3|
    |loc_V_7_fu_1560_p2         |     +    |      0|  0|  191|         184|           3|
    |loc_V_8_fu_1574_p2         |     +    |      0|  0|  191|         184|           4|
    |loc_V_9_fu_1588_p2         |     +    |      0|  0|  191|         184|           4|
    |loc_V_s_fu_1602_p2         |     +    |      0|  0|  191|         184|           4|
    |ap_block_pp0_stage0_01001  |    and   |      0|  0|    2|           1|           1|
    |ap_enable_pp0              |    xor   |      0|  0|    2|           1|           2|
    +---------------------------+----------+-------+---+-----+------------+------------+
    |Total                      |          |      0|  0| 8981|        8650|         228|
    +---------------------------+----------+-------+---+-----+------------+------------+

    * Multiplexer: 
    +-------------------------+----+-----------+-----+-----------+
    |           Name          | LUT| Input Size| Bits| Total Bits|
    +-------------------------+----+-----------+-----+-----------+
    |ap_NS_fsm                |  21|          4|    1|          4|
    |ap_enable_reg_pp0_iter0  |   9|          2|    1|          2|
    |ap_enable_reg_pp0_iter1  |   9|          2|    1|          2|
    +-------------------------+----+-----------+-----+-----------+
    |Total                    |  39|          8|    3|          8|
    +-------------------------+----+-----------+-----+-----------+

    * Register: 
    +-----------------------------+-----+----+-----+-----------+
    |             Name            |  FF | LUT| Bits| Const Bits|
    +-----------------------------+-----+----+-----+-----------+
    |ap_CS_fsm                    |    3|   0|    3|          0|
    |ap_enable_reg_pp0_iter0_reg  |    1|   0|    1|          0|
    |ap_enable_reg_pp0_iter1      |    1|   0|    1|          0|
    |tmp_1_10_reg_2513            |  184|   0|  184|          0|
    |tmp_1_11_reg_2518            |  184|   0|  184|          0|
    |tmp_1_12_reg_2523            |  184|   0|  184|          0|
    |tmp_1_13_reg_2528            |  184|   0|  184|          0|
    |tmp_1_14_reg_2533            |  184|   0|  184|          0|
    |tmp_1_15_reg_2538            |  184|   0|  184|          0|
    |tmp_1_16_reg_2628            |  184|   0|  184|          0|
    |tmp_1_17_reg_2633            |  184|   0|  184|          0|
    |tmp_1_18_reg_2638            |  184|   0|  184|          0|
    |tmp_1_19_reg_2643            |  184|   0|  184|          0|
    |tmp_1_1_reg_2463             |  184|   0|  184|          0|
    |tmp_1_20_reg_2648            |  184|   0|  184|          0|
    |tmp_1_21_reg_2653            |  184|   0|  184|          0|
    |tmp_1_22_reg_2658            |  184|   0|  184|          0|
    |tmp_1_23_reg_2663            |  184|   0|  184|          0|
    |tmp_1_24_reg_2668            |  184|   0|  184|          0|
    |tmp_1_25_reg_2673            |  184|   0|  184|          0|
    |tmp_1_26_reg_2678            |  184|   0|  184|          0|
    |tmp_1_27_reg_2683            |  184|   0|  184|          0|
    |tmp_1_28_reg_2688            |  184|   0|  184|          0|
    |tmp_1_29_reg_2693            |  184|   0|  184|          0|
    |tmp_1_2_reg_2468             |  184|   0|  184|          0|
    |tmp_1_30_reg_2698            |  184|   0|  184|          0|
    |tmp_1_31_reg_2703            |  184|   0|  184|          0|
    |tmp_1_32_reg_2783            |  184|   0|  184|          0|
    |tmp_1_33_reg_2788            |  184|   0|  184|          0|
    |tmp_1_34_reg_2793            |  184|   0|  184|          0|
    |tmp_1_35_reg_2798            |  184|   0|  184|          0|
    |tmp_1_36_reg_2803            |  184|   0|  184|          0|
    |tmp_1_37_reg_2808            |  184|   0|  184|          0|
    |tmp_1_38_reg_2813            |  184|   0|  184|          0|
    |tmp_1_39_reg_2818            |  184|   0|  184|          0|
    |tmp_1_3_reg_2473             |  184|   0|  184|          0|
    |tmp_1_40_reg_2823            |  184|   0|  184|          0|
    |tmp_1_41_reg_2828            |  184|   0|  184|          0|
    |tmp_1_42_reg_2833            |  184|   0|  184|          0|
    |tmp_1_43_reg_2838            |  184|   0|  184|          0|
    |tmp_1_44_reg_2843            |  184|   0|  184|          0|
    |tmp_1_45_reg_2848            |  184|   0|  184|          0|
    |tmp_1_46_reg_2853            |  184|   0|  184|          0|
    |tmp_1_4_reg_2478             |  184|   0|  184|          0|
    |tmp_1_5_reg_2483             |  184|   0|  184|          0|
    |tmp_1_6_reg_2488             |  184|   0|  184|          0|
    |tmp_1_7_reg_2493             |  184|   0|  184|          0|
    |tmp_1_8_reg_2498             |  184|   0|  184|          0|
    |tmp_1_9_reg_2503             |  184|   0|  184|          0|
    |tmp_1_s_reg_2508             |  184|   0|  184|          0|
    +-----------------------------+-----+----+-----+-----------+
    |Total                        | 8653|   0| 8653|          0|
    +-----------------------------+-----+----+-----+-----------+



================================================================
== Interface
================================================================
* Summary: 
+----------------------+-----+-----+------------+---------------+--------------+
|       RTL Ports      | Dir | Bits|  Protocol  | Source Object |    C Type    |
+----------------------+-----+-----+------------+---------------+--------------+
|ap_clk                |  in |    1| ap_ctrl_hs | algo_unpacked | return value |
|ap_rst                |  in |    1| ap_ctrl_hs | algo_unpacked | return value |
|ap_start              |  in |    1| ap_ctrl_hs | algo_unpacked | return value |
|ap_done               | out |    1| ap_ctrl_hs | algo_unpacked | return value |
|ap_idle               | out |    1| ap_ctrl_hs | algo_unpacked | return value |
|ap_ready              | out |    1| ap_ctrl_hs | algo_unpacked | return value |
|link_in_0_V           |  in |  192|   ap_none  |  link_in_0_V  |    pointer   |
|link_in_1_V           |  in |  192|   ap_none  |  link_in_1_V  |    pointer   |
|link_in_2_V           |  in |  192|   ap_none  |  link_in_2_V  |    pointer   |
|link_in_3_V           |  in |  192|   ap_none  |  link_in_3_V  |    pointer   |
|link_in_4_V           |  in |  192|   ap_none  |  link_in_4_V  |    pointer   |
|link_in_5_V           |  in |  192|   ap_none  |  link_in_5_V  |    pointer   |
|link_in_6_V           |  in |  192|   ap_none  |  link_in_6_V  |    pointer   |
|link_in_7_V           |  in |  192|   ap_none  |  link_in_7_V  |    pointer   |
|link_in_8_V           |  in |  192|   ap_none  |  link_in_8_V  |    pointer   |
|link_in_9_V           |  in |  192|   ap_none  |  link_in_9_V  |    pointer   |
|link_in_10_V          |  in |  192|   ap_none  |  link_in_10_V |    pointer   |
|link_in_11_V          |  in |  192|   ap_none  |  link_in_11_V |    pointer   |
|link_in_12_V          |  in |  192|   ap_none  |  link_in_12_V |    pointer   |
|link_in_13_V          |  in |  192|   ap_none  |  link_in_13_V |    pointer   |
|link_in_14_V          |  in |  192|   ap_none  |  link_in_14_V |    pointer   |
|link_in_15_V          |  in |  192|   ap_none  |  link_in_15_V |    pointer   |
|link_in_16_V          |  in |  192|   ap_none  |  link_in_16_V |    pointer   |
|link_in_17_V          |  in |  192|   ap_none  |  link_in_17_V |    pointer   |
|link_in_18_V          |  in |  192|   ap_none  |  link_in_18_V |    pointer   |
|link_in_19_V          |  in |  192|   ap_none  |  link_in_19_V |    pointer   |
|link_in_20_V          |  in |  192|   ap_none  |  link_in_20_V |    pointer   |
|link_in_21_V          |  in |  192|   ap_none  |  link_in_21_V |    pointer   |
|link_in_22_V          |  in |  192|   ap_none  |  link_in_22_V |    pointer   |
|link_in_23_V          |  in |  192|   ap_none  |  link_in_23_V |    pointer   |
|link_in_24_V          |  in |  192|   ap_none  |  link_in_24_V |    pointer   |
|link_in_25_V          |  in |  192|   ap_none  |  link_in_25_V |    pointer   |
|link_in_26_V          |  in |  192|   ap_none  |  link_in_26_V |    pointer   |
|link_in_27_V          |  in |  192|   ap_none  |  link_in_27_V |    pointer   |
|link_in_28_V          |  in |  192|   ap_none  |  link_in_28_V |    pointer   |
|link_in_29_V          |  in |  192|   ap_none  |  link_in_29_V |    pointer   |
|link_in_30_V          |  in |  192|   ap_none  |  link_in_30_V |    pointer   |
|link_in_31_V          |  in |  192|   ap_none  |  link_in_31_V |    pointer   |
|link_in_32_V          |  in |  192|   ap_none  |  link_in_32_V |    pointer   |
|link_in_33_V          |  in |  192|   ap_none  |  link_in_33_V |    pointer   |
|link_in_34_V          |  in |  192|   ap_none  |  link_in_34_V |    pointer   |
|link_in_35_V          |  in |  192|   ap_none  |  link_in_35_V |    pointer   |
|link_in_36_V          |  in |  192|   ap_none  |  link_in_36_V |    pointer   |
|link_in_37_V          |  in |  192|   ap_none  |  link_in_37_V |    pointer   |
|link_in_38_V          |  in |  192|   ap_none  |  link_in_38_V |    pointer   |
|link_in_39_V          |  in |  192|   ap_none  |  link_in_39_V |    pointer   |
|link_in_40_V          |  in |  192|   ap_none  |  link_in_40_V |    pointer   |
|link_in_41_V          |  in |  192|   ap_none  |  link_in_41_V |    pointer   |
|link_in_42_V          |  in |  192|   ap_none  |  link_in_42_V |    pointer   |
|link_in_43_V          |  in |  192|   ap_none  |  link_in_43_V |    pointer   |
|link_in_44_V          |  in |  192|   ap_none  |  link_in_44_V |    pointer   |
|link_in_45_V          |  in |  192|   ap_none  |  link_in_45_V |    pointer   |
|link_in_46_V          |  in |  192|   ap_none  |  link_in_46_V |    pointer   |
|link_in_47_V          |  in |  192|   ap_none  |  link_in_47_V |    pointer   |
|link_out_0_V          | out |  192|   ap_vld   |  link_out_0_V |    pointer   |
|link_out_0_V_ap_vld   | out |    1|   ap_vld   |  link_out_0_V |    pointer   |
|link_out_1_V          | out |  192|   ap_vld   |  link_out_1_V |    pointer   |
|link_out_1_V_ap_vld   | out |    1|   ap_vld   |  link_out_1_V |    pointer   |
|link_out_2_V          | out |  192|   ap_vld   |  link_out_2_V |    pointer   |
|link_out_2_V_ap_vld   | out |    1|   ap_vld   |  link_out_2_V |    pointer   |
|link_out_3_V          | out |  192|   ap_vld   |  link_out_3_V |    pointer   |
|link_out_3_V_ap_vld   | out |    1|   ap_vld   |  link_out_3_V |    pointer   |
|link_out_4_V          | out |  192|   ap_vld   |  link_out_4_V |    pointer   |
|link_out_4_V_ap_vld   | out |    1|   ap_vld   |  link_out_4_V |    pointer   |
|link_out_5_V          | out |  192|   ap_vld   |  link_out_5_V |    pointer   |
|link_out_5_V_ap_vld   | out |    1|   ap_vld   |  link_out_5_V |    pointer   |
|link_out_6_V          | out |  192|   ap_vld   |  link_out_6_V |    pointer   |
|link_out_6_V_ap_vld   | out |    1|   ap_vld   |  link_out_6_V |    pointer   |
|link_out_7_V          | out |  192|   ap_vld   |  link_out_7_V |    pointer   |
|link_out_7_V_ap_vld   | out |    1|   ap_vld   |  link_out_7_V |    pointer   |
|link_out_8_V          | out |  192|   ap_vld   |  link_out_8_V |    pointer   |
|link_out_8_V_ap_vld   | out |    1|   ap_vld   |  link_out_8_V |    pointer   |
|link_out_9_V          | out |  192|   ap_vld   |  link_out_9_V |    pointer   |
|link_out_9_V_ap_vld   | out |    1|   ap_vld   |  link_out_9_V |    pointer   |
|link_out_10_V         | out |  192|   ap_vld   | link_out_10_V |    pointer   |
|link_out_10_V_ap_vld  | out |    1|   ap_vld   | link_out_10_V |    pointer   |
|link_out_11_V         | out |  192|   ap_vld   | link_out_11_V |    pointer   |
|link_out_11_V_ap_vld  | out |    1|   ap_vld   | link_out_11_V |    pointer   |
|link_out_12_V         | out |  192|   ap_vld   | link_out_12_V |    pointer   |
|link_out_12_V_ap_vld  | out |    1|   ap_vld   | link_out_12_V |    pointer   |
|link_out_13_V         | out |  192|   ap_vld   | link_out_13_V |    pointer   |
|link_out_13_V_ap_vld  | out |    1|   ap_vld   | link_out_13_V |    pointer   |
|link_out_14_V         | out |  192|   ap_vld   | link_out_14_V |    pointer   |
|link_out_14_V_ap_vld  | out |    1|   ap_vld   | link_out_14_V |    pointer   |
|link_out_15_V         | out |  192|   ap_vld   | link_out_15_V |    pointer   |
|link_out_15_V_ap_vld  | out |    1|   ap_vld   | link_out_15_V |    pointer   |
|link_out_16_V         | out |  192|   ap_vld   | link_out_16_V |    pointer   |
|link_out_16_V_ap_vld  | out |    1|   ap_vld   | link_out_16_V |    pointer   |
|link_out_17_V         | out |  192|   ap_vld   | link_out_17_V |    pointer   |
|link_out_17_V_ap_vld  | out |    1|   ap_vld   | link_out_17_V |    pointer   |
|link_out_18_V         | out |  192|   ap_vld   | link_out_18_V |    pointer   |
|link_out_18_V_ap_vld  | out |    1|   ap_vld   | link_out_18_V |    pointer   |
|link_out_19_V         | out |  192|   ap_vld   | link_out_19_V |    pointer   |
|link_out_19_V_ap_vld  | out |    1|   ap_vld   | link_out_19_V |    pointer   |
|link_out_20_V         | out |  192|   ap_vld   | link_out_20_V |    pointer   |
|link_out_20_V_ap_vld  | out |    1|   ap_vld   | link_out_20_V |    pointer   |
|link_out_21_V         | out |  192|   ap_vld   | link_out_21_V |    pointer   |
|link_out_21_V_ap_vld  | out |    1|   ap_vld   | link_out_21_V |    pointer   |
|link_out_22_V         | out |  192|   ap_vld   | link_out_22_V |    pointer   |
|link_out_22_V_ap_vld  | out |    1|   ap_vld   | link_out_22_V |    pointer   |
|link_out_23_V         | out |  192|   ap_vld   | link_out_23_V |    pointer   |
|link_out_23_V_ap_vld  | out |    1|   ap_vld   | link_out_23_V |    pointer   |
|link_out_24_V         | out |  192|   ap_vld   | link_out_24_V |    pointer   |
|link_out_24_V_ap_vld  | out |    1|   ap_vld   | link_out_24_V |    pointer   |
|link_out_25_V         | out |  192|   ap_vld   | link_out_25_V |    pointer   |
|link_out_25_V_ap_vld  | out |    1|   ap_vld   | link_out_25_V |    pointer   |
|link_out_26_V         | out |  192|   ap_vld   | link_out_26_V |    pointer   |
|link_out_26_V_ap_vld  | out |    1|   ap_vld   | link_out_26_V |    pointer   |
|link_out_27_V         | out |  192|   ap_vld   | link_out_27_V |    pointer   |
|link_out_27_V_ap_vld  | out |    1|   ap_vld   | link_out_27_V |    pointer   |
|link_out_28_V         | out |  192|   ap_vld   | link_out_28_V |    pointer   |
|link_out_28_V_ap_vld  | out |    1|   ap_vld   | link_out_28_V |    pointer   |
|link_out_29_V         | out |  192|   ap_vld   | link_out_29_V |    pointer   |
|link_out_29_V_ap_vld  | out |    1|   ap_vld   | link_out_29_V |    pointer   |
|link_out_30_V         | out |  192|   ap_vld   | link_out_30_V |    pointer   |
|link_out_30_V_ap_vld  | out |    1|   ap_vld   | link_out_30_V |    pointer   |
|link_out_31_V         | out |  192|   ap_vld   | link_out_31_V |    pointer   |
|link_out_31_V_ap_vld  | out |    1|   ap_vld   | link_out_31_V |    pointer   |
|link_out_32_V         | out |  192|   ap_vld   | link_out_32_V |    pointer   |
|link_out_32_V_ap_vld  | out |    1|   ap_vld   | link_out_32_V |    pointer   |
|link_out_33_V         | out |  192|   ap_vld   | link_out_33_V |    pointer   |
|link_out_33_V_ap_vld  | out |    1|   ap_vld   | link_out_33_V |    pointer   |
|link_out_34_V         | out |  192|   ap_vld   | link_out_34_V |    pointer   |
|link_out_34_V_ap_vld  | out |    1|   ap_vld   | link_out_34_V |    pointer   |
|link_out_35_V         | out |  192|   ap_vld   | link_out_35_V |    pointer   |
|link_out_35_V_ap_vld  | out |    1|   ap_vld   | link_out_35_V |    pointer   |
|link_out_36_V         | out |  192|   ap_vld   | link_out_36_V |    pointer   |
|link_out_36_V_ap_vld  | out |    1|   ap_vld   | link_out_36_V |    pointer   |
|link_out_37_V         | out |  192|   ap_vld   | link_out_37_V |    pointer   |
|link_out_37_V_ap_vld  | out |    1|   ap_vld   | link_out_37_V |    pointer   |
|link_out_38_V         | out |  192|   ap_vld   | link_out_38_V |    pointer   |
|link_out_38_V_ap_vld  | out |    1|   ap_vld   | link_out_38_V |    pointer   |
|link_out_39_V         | out |  192|   ap_vld   | link_out_39_V |    pointer   |
|link_out_39_V_ap_vld  | out |    1|   ap_vld   | link_out_39_V |    pointer   |
|link_out_40_V         | out |  192|   ap_vld   | link_out_40_V |    pointer   |
|link_out_40_V_ap_vld  | out |    1|   ap_vld   | link_out_40_V |    pointer   |
|link_out_41_V         | out |  192|   ap_vld   | link_out_41_V |    pointer   |
|link_out_41_V_ap_vld  | out |    1|   ap_vld   | link_out_41_V |    pointer   |
|link_out_42_V         | out |  192|   ap_vld   | link_out_42_V |    pointer   |
|link_out_42_V_ap_vld  | out |    1|   ap_vld   | link_out_42_V |    pointer   |
|link_out_43_V         | out |  192|   ap_vld   | link_out_43_V |    pointer   |
|link_out_43_V_ap_vld  | out |    1|   ap_vld   | link_out_43_V |    pointer   |
|link_out_44_V         | out |  192|   ap_vld   | link_out_44_V |    pointer   |
|link_out_44_V_ap_vld  | out |    1|   ap_vld   | link_out_44_V |    pointer   |
|link_out_45_V         | out |  192|   ap_vld   | link_out_45_V |    pointer   |
|link_out_45_V_ap_vld  | out |    1|   ap_vld   | link_out_45_V |    pointer   |
|link_out_46_V         | out |  192|   ap_vld   | link_out_46_V |    pointer   |
|link_out_46_V_ap_vld  | out |    1|   ap_vld   | link_out_46_V |    pointer   |
|link_out_47_V         | out |  192|   ap_vld   | link_out_47_V |    pointer   |
|link_out_47_V_ap_vld  | out |    1|   ap_vld   | link_out_47_V |    pointer   |
+----------------------+-----+-----+------------+---------------+--------------+

