

================================================================
== Vivado HLS Report for 'algo_unpacked'
================================================================
* Date:           Fri Dec 14 13:14:23 2018

* Version:        2018.2 (Build 2258646 on Thu Jun 14 20:25:20 MDT 2018)
* Project:        null_algo_project
* Solution:       solution1
* Product family: virtex7
* Target device:  xc7vx690tffg1927-2


================================================================
== Performance Estimates
================================================================
+ Timing (ns): 
    * Summary: 
    +--------+-------+----------+------------+
    |  Clock | Target| Estimated| Uncertainty|
    +--------+-------+----------+------------+
    |ap_clk  |   8.33|     0.000|        1.04|
    +--------+-------+----------+------------+

+ Latency (clock cycles): 
    * Summary: 
    +-----+-----+-----+-----+----------+
    |  Latency  |  Interval | Pipeline |
    | min | max | min | max |   Type   |
    +-----+-----+-----+-----+----------+
    |    0|    0|    1|    1| function |
    +-----+-----+-----+-----+----------+

    + Detail: 
        * Instance: 
        N/A

        * Loop: 
        N/A



================================================================
== Utilization Estimates
================================================================
* Summary: 
+-----------------+---------+-------+--------+--------+
|       Name      | BRAM_18K| DSP48E|   FF   |   LUT  |
+-----------------+---------+-------+--------+--------+
|DSP              |        -|      -|       -|       -|
|Expression       |        -|      -|       -|       -|
|FIFO             |        -|      -|       -|       -|
|Instance         |        -|      -|       -|       -|
|Memory           |        -|      -|       -|       -|
|Multiplexer      |        -|      -|       -|       -|
|Register         |        -|      -|       -|       -|
+-----------------+---------+-------+--------+--------+
|Total            |        0|      0|       0|       0|
+-----------------+---------+-------+--------+--------+
|Available        |     2940|   3600|  866400|  433200|
+-----------------+---------+-------+--------+--------+
|Utilization (%)  |        0|      0|       0|       0|
+-----------------+---------+-------+--------+--------+

+ Detail: 
    * Instance: 
    N/A

    * DSP48: 
    N/A

    * Memory: 
    N/A

    * FIFO: 
    N/A

    * Expression: 
    N/A

    * Multiplexer: 
    N/A

    * Register: 
    N/A



================================================================
== Interface
================================================================
* Summary: 
+---------------------+-----+-----+------------+---------------------+--------------+
|      RTL Ports      | Dir | Bits|  Protocol  |    Source Object    |    C Type    |
+---------------------+-----+-----+------------+---------------------+--------------+
|ap_ready             | out |    1| ap_ctrl_hs |    algo_unpacked    | return value |
|ap_return_0          | out |   64| ap_ctrl_hs |    algo_unpacked    | return value |
|ap_return_1          | out |   64| ap_ctrl_hs |    algo_unpacked    | return value |
|ap_return_2          | out |   64| ap_ctrl_hs |    algo_unpacked    | return value |
|ap_return_3          | out |   64| ap_ctrl_hs |    algo_unpacked    | return value |
|ap_return_4          | out |   64| ap_ctrl_hs |    algo_unpacked    | return value |
|ap_return_5          | out |   64| ap_ctrl_hs |    algo_unpacked    | return value |
|ap_return_6          | out |   64| ap_ctrl_hs |    algo_unpacked    | return value |
|ap_return_7          | out |   64| ap_ctrl_hs |    algo_unpacked    | return value |
|ap_return_8          | out |   64| ap_ctrl_hs |    algo_unpacked    | return value |
|ap_return_9          | out |   64| ap_ctrl_hs |    algo_unpacked    | return value |
|ap_return_10         | out |   64| ap_ctrl_hs |    algo_unpacked    | return value |
|ap_return_11         | out |   64| ap_ctrl_hs |    algo_unpacked    | return value |
|ap_return_12         | out |   64| ap_ctrl_hs |    algo_unpacked    | return value |
|ap_return_13         | out |   64| ap_ctrl_hs |    algo_unpacked    | return value |
|ap_return_14         | out |   64| ap_ctrl_hs |    algo_unpacked    | return value |
|ap_return_15         | out |   64| ap_ctrl_hs |    algo_unpacked    | return value |
|ap_return_16         | out |   64| ap_ctrl_hs |    algo_unpacked    | return value |
|ap_return_17         | out |   64| ap_ctrl_hs |    algo_unpacked    | return value |
|ap_return_18         | out |   64| ap_ctrl_hs |    algo_unpacked    | return value |
|ap_return_19         | out |   64| ap_ctrl_hs |    algo_unpacked    | return value |
|ap_return_20         | out |   64| ap_ctrl_hs |    algo_unpacked    | return value |
|ap_return_21         | out |   64| ap_ctrl_hs |    algo_unpacked    | return value |
|ap_return_22         | out |   64| ap_ctrl_hs |    algo_unpacked    | return value |
|ap_return_23         | out |   64| ap_ctrl_hs |    algo_unpacked    | return value |
|ap_return_24         | out |   64| ap_ctrl_hs |    algo_unpacked    | return value |
|ap_return_25         | out |   64| ap_ctrl_hs |    algo_unpacked    | return value |
|ap_return_26         | out |   64| ap_ctrl_hs |    algo_unpacked    | return value |
|ap_return_27         | out |   64| ap_ctrl_hs |    algo_unpacked    | return value |
|ap_return_28         | out |   64| ap_ctrl_hs |    algo_unpacked    | return value |
|ap_return_29         | out |   64| ap_ctrl_hs |    algo_unpacked    | return value |
|ap_return_30         | out |   64| ap_ctrl_hs |    algo_unpacked    | return value |
|ap_return_31         | out |   64| ap_ctrl_hs |    algo_unpacked    | return value |
|ap_return_32         | out |   64| ap_ctrl_hs |    algo_unpacked    | return value |
|ap_return_33         | out |   64| ap_ctrl_hs |    algo_unpacked    | return value |
|ap_return_34         | out |   64| ap_ctrl_hs |    algo_unpacked    | return value |
|ap_return_35         | out |   64| ap_ctrl_hs |    algo_unpacked    | return value |
|ap_return_36         | out |   64| ap_ctrl_hs |    algo_unpacked    | return value |
|ap_return_37         | out |   64| ap_ctrl_hs |    algo_unpacked    | return value |
|ap_return_38         | out |   64| ap_ctrl_hs |    algo_unpacked    | return value |
|ap_return_39         | out |   64| ap_ctrl_hs |    algo_unpacked    | return value |
|ap_return_40         | out |   64| ap_ctrl_hs |    algo_unpacked    | return value |
|ap_return_41         | out |   64| ap_ctrl_hs |    algo_unpacked    | return value |
|ap_return_42         | out |   64| ap_ctrl_hs |    algo_unpacked    | return value |
|ap_return_43         | out |   64| ap_ctrl_hs |    algo_unpacked    | return value |
|ap_return_44         | out |   64| ap_ctrl_hs |    algo_unpacked    | return value |
|ap_return_45         | out |   64| ap_ctrl_hs |    algo_unpacked    | return value |
|ap_return_46         | out |   64| ap_ctrl_hs |    algo_unpacked    | return value |
|ap_return_47         | out |   64| ap_ctrl_hs |    algo_unpacked    | return value |
|ap_return_48         | out |   64| ap_ctrl_hs |    algo_unpacked    | return value |
|ap_return_49         | out |   64| ap_ctrl_hs |    algo_unpacked    | return value |
|ap_return_50         | out |   64| ap_ctrl_hs |    algo_unpacked    | return value |
|ap_return_51         | out |   64| ap_ctrl_hs |    algo_unpacked    | return value |
|ap_return_52         | out |   64| ap_ctrl_hs |    algo_unpacked    | return value |
|ap_return_53         | out |   64| ap_ctrl_hs |    algo_unpacked    | return value |
|ap_return_54         | out |   64| ap_ctrl_hs |    algo_unpacked    | return value |
|ap_return_55         | out |   64| ap_ctrl_hs |    algo_unpacked    | return value |
|ap_return_56         | out |   64| ap_ctrl_hs |    algo_unpacked    | return value |
|ap_return_57         | out |   64| ap_ctrl_hs |    algo_unpacked    | return value |
|ap_return_58         | out |   64| ap_ctrl_hs |    algo_unpacked    | return value |
|ap_return_59         | out |   64| ap_ctrl_hs |    algo_unpacked    | return value |
|ap_return_60         | out |   64| ap_ctrl_hs |    algo_unpacked    | return value |
|ap_return_61         | out |   64| ap_ctrl_hs |    algo_unpacked    | return value |
|ap_return_62         | out |   64| ap_ctrl_hs |    algo_unpacked    | return value |
|ap_return_63         | out |   64| ap_ctrl_hs |    algo_unpacked    | return value |
|ap_return_64         | out |   64| ap_ctrl_hs |    algo_unpacked    | return value |
|ap_return_65         | out |   64| ap_ctrl_hs |    algo_unpacked    | return value |
|ap_return_66         | out |   64| ap_ctrl_hs |    algo_unpacked    | return value |
|ap_return_67         | out |   64| ap_ctrl_hs |    algo_unpacked    | return value |
|ap_return_68         | out |   64| ap_ctrl_hs |    algo_unpacked    | return value |
|ap_return_69         | out |   64| ap_ctrl_hs |    algo_unpacked    | return value |
|ap_return_70         | out |   64| ap_ctrl_hs |    algo_unpacked    | return value |
|ap_return_71         | out |   64| ap_ctrl_hs |    algo_unpacked    | return value |
|ap_return_72         | out |   64| ap_ctrl_hs |    algo_unpacked    | return value |
|ap_return_73         | out |   64| ap_ctrl_hs |    algo_unpacked    | return value |
|ap_return_74         | out |   64| ap_ctrl_hs |    algo_unpacked    | return value |
|ap_return_75         | out |   64| ap_ctrl_hs |    algo_unpacked    | return value |
|ap_return_76         | out |   64| ap_ctrl_hs |    algo_unpacked    | return value |
|ap_return_77         | out |   64| ap_ctrl_hs |    algo_unpacked    | return value |
|ap_return_78         | out |   64| ap_ctrl_hs |    algo_unpacked    | return value |
|ap_return_79         | out |   64| ap_ctrl_hs |    algo_unpacked    | return value |
|ap_return_80         | out |   64| ap_ctrl_hs |    algo_unpacked    | return value |
|ap_return_81         | out |   64| ap_ctrl_hs |    algo_unpacked    | return value |
|ap_return_82         | out |   64| ap_ctrl_hs |    algo_unpacked    | return value |
|ap_return_83         | out |   64| ap_ctrl_hs |    algo_unpacked    | return value |
|ap_return_84         | out |   64| ap_ctrl_hs |    algo_unpacked    | return value |
|ap_return_85         | out |   64| ap_ctrl_hs |    algo_unpacked    | return value |
|ap_return_86         | out |   64| ap_ctrl_hs |    algo_unpacked    | return value |
|ap_return_87         | out |   64| ap_ctrl_hs |    algo_unpacked    | return value |
|ap_return_88         | out |   64| ap_ctrl_hs |    algo_unpacked    | return value |
|ap_return_89         | out |   64| ap_ctrl_hs |    algo_unpacked    | return value |
|ap_return_90         | out |   64| ap_ctrl_hs |    algo_unpacked    | return value |
|ap_return_91         | out |   64| ap_ctrl_hs |    algo_unpacked    | return value |
|ap_return_92         | out |   64| ap_ctrl_hs |    algo_unpacked    | return value |
|ap_return_93         | out |   64| ap_ctrl_hs |    algo_unpacked    | return value |
|ap_return_94         | out |   64| ap_ctrl_hs |    algo_unpacked    | return value |
|ap_return_95         | out |   64| ap_ctrl_hs |    algo_unpacked    | return value |
|ap_return_96         | out |   64| ap_ctrl_hs |    algo_unpacked    | return value |
|ap_return_97         | out |   64| ap_ctrl_hs |    algo_unpacked    | return value |
|ap_return_98         | out |   64| ap_ctrl_hs |    algo_unpacked    | return value |
|ap_return_99         | out |   64| ap_ctrl_hs |    algo_unpacked    | return value |
|ap_return_100        | out |   64| ap_ctrl_hs |    algo_unpacked    | return value |
|ap_return_101        | out |   64| ap_ctrl_hs |    algo_unpacked    | return value |
|ap_return_102        | out |   64| ap_ctrl_hs |    algo_unpacked    | return value |
|ap_return_103        | out |   64| ap_ctrl_hs |    algo_unpacked    | return value |
|ap_return_104        | out |   64| ap_ctrl_hs |    algo_unpacked    | return value |
|ap_return_105        | out |   64| ap_ctrl_hs |    algo_unpacked    | return value |
|ap_return_106        | out |   64| ap_ctrl_hs |    algo_unpacked    | return value |
|ap_return_107        | out |   64| ap_ctrl_hs |    algo_unpacked    | return value |
|ap_return_108        | out |   64| ap_ctrl_hs |    algo_unpacked    | return value |
|ap_return_109        | out |   64| ap_ctrl_hs |    algo_unpacked    | return value |
|ap_return_110        | out |   64| ap_ctrl_hs |    algo_unpacked    | return value |
|ap_return_111        | out |   64| ap_ctrl_hs |    algo_unpacked    | return value |
|ap_return_112        | out |   64| ap_ctrl_hs |    algo_unpacked    | return value |
|ap_return_113        | out |   64| ap_ctrl_hs |    algo_unpacked    | return value |
|ap_return_114        | out |   64| ap_ctrl_hs |    algo_unpacked    | return value |
|ap_return_115        | out |   64| ap_ctrl_hs |    algo_unpacked    | return value |
|ap_return_116        | out |   64| ap_ctrl_hs |    algo_unpacked    | return value |
|ap_return_117        | out |   64| ap_ctrl_hs |    algo_unpacked    | return value |
|ap_return_118        | out |   64| ap_ctrl_hs |    algo_unpacked    | return value |
|ap_return_119        | out |   64| ap_ctrl_hs |    algo_unpacked    | return value |
|ap_return_120        | out |   64| ap_ctrl_hs |    algo_unpacked    | return value |
|ap_return_121        | out |   64| ap_ctrl_hs |    algo_unpacked    | return value |
|ap_return_122        | out |   64| ap_ctrl_hs |    algo_unpacked    | return value |
|ap_return_123        | out |   64| ap_ctrl_hs |    algo_unpacked    | return value |
|ap_return_124        | out |   64| ap_ctrl_hs |    algo_unpacked    | return value |
|ap_return_125        | out |   64| ap_ctrl_hs |    algo_unpacked    | return value |
|ap_return_126        | out |   64| ap_ctrl_hs |    algo_unpacked    | return value |
|ap_return_127        | out |   64| ap_ctrl_hs |    algo_unpacked    | return value |
|ap_return_128        | out |   64| ap_ctrl_hs |    algo_unpacked    | return value |
|ap_return_129        | out |   64| ap_ctrl_hs |    algo_unpacked    | return value |
|ap_return_130        | out |   64| ap_ctrl_hs |    algo_unpacked    | return value |
|ap_return_131        | out |   64| ap_ctrl_hs |    algo_unpacked    | return value |
|ap_return_132        | out |   64| ap_ctrl_hs |    algo_unpacked    | return value |
|ap_return_133        | out |   64| ap_ctrl_hs |    algo_unpacked    | return value |
|ap_return_134        | out |   64| ap_ctrl_hs |    algo_unpacked    | return value |
|ap_return_135        | out |   64| ap_ctrl_hs |    algo_unpacked    | return value |
|ap_return_136        | out |   64| ap_ctrl_hs |    algo_unpacked    | return value |
|ap_return_137        | out |   64| ap_ctrl_hs |    algo_unpacked    | return value |
|ap_return_138        | out |   64| ap_ctrl_hs |    algo_unpacked    | return value |
|ap_return_139        | out |   64| ap_ctrl_hs |    algo_unpacked    | return value |
|ap_return_140        | out |   64| ap_ctrl_hs |    algo_unpacked    | return value |
|ap_return_141        | out |   64| ap_ctrl_hs |    algo_unpacked    | return value |
|ap_return_142        | out |   64| ap_ctrl_hs |    algo_unpacked    | return value |
|ap_return_143        | out |   64| ap_ctrl_hs |    algo_unpacked    | return value |
|link_in_2d_0_0_V_r   |  in |   64|   ap_none  |  link_in_2d_0_0_V_r |    scalar    |
|link_in_2d_0_1_V_r   |  in |   64|   ap_none  |  link_in_2d_0_1_V_r |    scalar    |
|link_in_2d_0_2_V_r   |  in |   64|   ap_none  |  link_in_2d_0_2_V_r |    scalar    |
|link_in_2d_1_0_V_r   |  in |   64|   ap_none  |  link_in_2d_1_0_V_r |    scalar    |
|link_in_2d_1_1_V_r   |  in |   64|   ap_none  |  link_in_2d_1_1_V_r |    scalar    |
|link_in_2d_1_2_V_r   |  in |   64|   ap_none  |  link_in_2d_1_2_V_r |    scalar    |
|link_in_2d_2_0_V_r   |  in |   64|   ap_none  |  link_in_2d_2_0_V_r |    scalar    |
|link_in_2d_2_1_V_r   |  in |   64|   ap_none  |  link_in_2d_2_1_V_r |    scalar    |
|link_in_2d_2_2_V_r   |  in |   64|   ap_none  |  link_in_2d_2_2_V_r |    scalar    |
|link_in_2d_3_0_V_r   |  in |   64|   ap_none  |  link_in_2d_3_0_V_r |    scalar    |
|link_in_2d_3_1_V_r   |  in |   64|   ap_none  |  link_in_2d_3_1_V_r |    scalar    |
|link_in_2d_3_2_V_r   |  in |   64|   ap_none  |  link_in_2d_3_2_V_r |    scalar    |
|link_in_2d_4_0_V_r   |  in |   64|   ap_none  |  link_in_2d_4_0_V_r |    scalar    |
|link_in_2d_4_1_V_r   |  in |   64|   ap_none  |  link_in_2d_4_1_V_r |    scalar    |
|link_in_2d_4_2_V_r   |  in |   64|   ap_none  |  link_in_2d_4_2_V_r |    scalar    |
|link_in_2d_5_0_V_r   |  in |   64|   ap_none  |  link_in_2d_5_0_V_r |    scalar    |
|link_in_2d_5_1_V_r   |  in |   64|   ap_none  |  link_in_2d_5_1_V_r |    scalar    |
|link_in_2d_5_2_V_r   |  in |   64|   ap_none  |  link_in_2d_5_2_V_r |    scalar    |
|link_in_2d_6_0_V_r   |  in |   64|   ap_none  |  link_in_2d_6_0_V_r |    scalar    |
|link_in_2d_6_1_V_r   |  in |   64|   ap_none  |  link_in_2d_6_1_V_r |    scalar    |
|link_in_2d_6_2_V_r   |  in |   64|   ap_none  |  link_in_2d_6_2_V_r |    scalar    |
|link_in_2d_7_0_V_r   |  in |   64|   ap_none  |  link_in_2d_7_0_V_r |    scalar    |
|link_in_2d_7_1_V_r   |  in |   64|   ap_none  |  link_in_2d_7_1_V_r |    scalar    |
|link_in_2d_7_2_V_r   |  in |   64|   ap_none  |  link_in_2d_7_2_V_r |    scalar    |
|link_in_2d_8_0_V_r   |  in |   64|   ap_none  |  link_in_2d_8_0_V_r |    scalar    |
|link_in_2d_8_1_V_r   |  in |   64|   ap_none  |  link_in_2d_8_1_V_r |    scalar    |
|link_in_2d_8_2_V_r   |  in |   64|   ap_none  |  link_in_2d_8_2_V_r |    scalar    |
|link_in_2d_9_0_V_r   |  in |   64|   ap_none  |  link_in_2d_9_0_V_r |    scalar    |
|link_in_2d_9_1_V_r   |  in |   64|   ap_none  |  link_in_2d_9_1_V_r |    scalar    |
|link_in_2d_9_2_V_r   |  in |   64|   ap_none  |  link_in_2d_9_2_V_r |    scalar    |
|link_in_2d_10_0_V_s  |  in |   64|   ap_none  | link_in_2d_10_0_V_s |    scalar    |
|link_in_2d_10_1_V_s  |  in |   64|   ap_none  | link_in_2d_10_1_V_s |    scalar    |
|link_in_2d_10_2_V_s  |  in |   64|   ap_none  | link_in_2d_10_2_V_s |    scalar    |
|link_in_2d_11_0_V_s  |  in |   64|   ap_none  | link_in_2d_11_0_V_s |    scalar    |
|link_in_2d_11_1_V_s  |  in |   64|   ap_none  | link_in_2d_11_1_V_s |    scalar    |
|link_in_2d_11_2_V_s  |  in |   64|   ap_none  | link_in_2d_11_2_V_s |    scalar    |
|link_in_2d_12_0_V_s  |  in |   64|   ap_none  | link_in_2d_12_0_V_s |    scalar    |
|link_in_2d_12_1_V_s  |  in |   64|   ap_none  | link_in_2d_12_1_V_s |    scalar    |
|link_in_2d_12_2_V_s  |  in |   64|   ap_none  | link_in_2d_12_2_V_s |    scalar    |
|link_in_2d_13_0_V_s  |  in |   64|   ap_none  | link_in_2d_13_0_V_s |    scalar    |
|link_in_2d_13_1_V_s  |  in |   64|   ap_none  | link_in_2d_13_1_V_s |    scalar    |
|link_in_2d_13_2_V_s  |  in |   64|   ap_none  | link_in_2d_13_2_V_s |    scalar    |
|link_in_2d_14_0_V_s  |  in |   64|   ap_none  | link_in_2d_14_0_V_s |    scalar    |
|link_in_2d_14_1_V_s  |  in |   64|   ap_none  | link_in_2d_14_1_V_s |    scalar    |
|link_in_2d_14_2_V_s  |  in |   64|   ap_none  | link_in_2d_14_2_V_s |    scalar    |
|link_in_2d_15_0_V_s  |  in |   64|   ap_none  | link_in_2d_15_0_V_s |    scalar    |
|link_in_2d_15_1_V_s  |  in |   64|   ap_none  | link_in_2d_15_1_V_s |    scalar    |
|link_in_2d_15_2_V_s  |  in |   64|   ap_none  | link_in_2d_15_2_V_s |    scalar    |
|link_in_2d_16_0_V_s  |  in |   64|   ap_none  | link_in_2d_16_0_V_s |    scalar    |
|link_in_2d_16_1_V_s  |  in |   64|   ap_none  | link_in_2d_16_1_V_s |    scalar    |
|link_in_2d_16_2_V_s  |  in |   64|   ap_none  | link_in_2d_16_2_V_s |    scalar    |
|link_in_2d_17_0_V_s  |  in |   64|   ap_none  | link_in_2d_17_0_V_s |    scalar    |
|link_in_2d_17_1_V_s  |  in |   64|   ap_none  | link_in_2d_17_1_V_s |    scalar    |
|link_in_2d_17_2_V_s  |  in |   64|   ap_none  | link_in_2d_17_2_V_s |    scalar    |
|link_in_2d_18_0_V_s  |  in |   64|   ap_none  | link_in_2d_18_0_V_s |    scalar    |
|link_in_2d_18_1_V_s  |  in |   64|   ap_none  | link_in_2d_18_1_V_s |    scalar    |
|link_in_2d_18_2_V_s  |  in |   64|   ap_none  | link_in_2d_18_2_V_s |    scalar    |
|link_in_2d_19_0_V_s  |  in |   64|   ap_none  | link_in_2d_19_0_V_s |    scalar    |
|link_in_2d_19_1_V_s  |  in |   64|   ap_none  | link_in_2d_19_1_V_s |    scalar    |
|link_in_2d_19_2_V_s  |  in |   64|   ap_none  | link_in_2d_19_2_V_s |    scalar    |
|link_in_2d_20_0_V_s  |  in |   64|   ap_none  | link_in_2d_20_0_V_s |    scalar    |
|link_in_2d_20_1_V_s  |  in |   64|   ap_none  | link_in_2d_20_1_V_s |    scalar    |
|link_in_2d_20_2_V_s  |  in |   64|   ap_none  | link_in_2d_20_2_V_s |    scalar    |
|link_in_2d_21_0_V_s  |  in |   64|   ap_none  | link_in_2d_21_0_V_s |    scalar    |
|link_in_2d_21_1_V_s  |  in |   64|   ap_none  | link_in_2d_21_1_V_s |    scalar    |
|link_in_2d_21_2_V_s  |  in |   64|   ap_none  | link_in_2d_21_2_V_s |    scalar    |
|link_in_2d_22_0_V_s  |  in |   64|   ap_none  | link_in_2d_22_0_V_s |    scalar    |
|link_in_2d_22_1_V_s  |  in |   64|   ap_none  | link_in_2d_22_1_V_s |    scalar    |
|link_in_2d_22_2_V_s  |  in |   64|   ap_none  | link_in_2d_22_2_V_s |    scalar    |
|link_in_2d_23_0_V_s  |  in |   64|   ap_none  | link_in_2d_23_0_V_s |    scalar    |
|link_in_2d_23_1_V_s  |  in |   64|   ap_none  | link_in_2d_23_1_V_s |    scalar    |
|link_in_2d_23_2_V_s  |  in |   64|   ap_none  | link_in_2d_23_2_V_s |    scalar    |
|link_in_2d_24_0_V_s  |  in |   64|   ap_none  | link_in_2d_24_0_V_s |    scalar    |
|link_in_2d_24_1_V_s  |  in |   64|   ap_none  | link_in_2d_24_1_V_s |    scalar    |
|link_in_2d_24_2_V_s  |  in |   64|   ap_none  | link_in_2d_24_2_V_s |    scalar    |
|link_in_2d_25_0_V_s  |  in |   64|   ap_none  | link_in_2d_25_0_V_s |    scalar    |
|link_in_2d_25_1_V_s  |  in |   64|   ap_none  | link_in_2d_25_1_V_s |    scalar    |
|link_in_2d_25_2_V_s  |  in |   64|   ap_none  | link_in_2d_25_2_V_s |    scalar    |
|link_in_2d_26_0_V_s  |  in |   64|   ap_none  | link_in_2d_26_0_V_s |    scalar    |
|link_in_2d_26_1_V_s  |  in |   64|   ap_none  | link_in_2d_26_1_V_s |    scalar    |
|link_in_2d_26_2_V_s  |  in |   64|   ap_none  | link_in_2d_26_2_V_s |    scalar    |
|link_in_2d_27_0_V_s  |  in |   64|   ap_none  | link_in_2d_27_0_V_s |    scalar    |
|link_in_2d_27_1_V_s  |  in |   64|   ap_none  | link_in_2d_27_1_V_s |    scalar    |
|link_in_2d_27_2_V_s  |  in |   64|   ap_none  | link_in_2d_27_2_V_s |    scalar    |
|link_in_2d_28_0_V_s  |  in |   64|   ap_none  | link_in_2d_28_0_V_s |    scalar    |
|link_in_2d_28_1_V_s  |  in |   64|   ap_none  | link_in_2d_28_1_V_s |    scalar    |
|link_in_2d_28_2_V_s  |  in |   64|   ap_none  | link_in_2d_28_2_V_s |    scalar    |
|link_in_2d_29_0_V_s  |  in |   64|   ap_none  | link_in_2d_29_0_V_s |    scalar    |
|link_in_2d_29_1_V_s  |  in |   64|   ap_none  | link_in_2d_29_1_V_s |    scalar    |
|link_in_2d_29_2_V_s  |  in |   64|   ap_none  | link_in_2d_29_2_V_s |    scalar    |
|link_in_2d_30_0_V_s  |  in |   64|   ap_none  | link_in_2d_30_0_V_s |    scalar    |
|link_in_2d_30_1_V_s  |  in |   64|   ap_none  | link_in_2d_30_1_V_s |    scalar    |
|link_in_2d_30_2_V_s  |  in |   64|   ap_none  | link_in_2d_30_2_V_s |    scalar    |
|link_in_2d_31_0_V_s  |  in |   64|   ap_none  | link_in_2d_31_0_V_s |    scalar    |
|link_in_2d_31_1_V_s  |  in |   64|   ap_none  | link_in_2d_31_1_V_s |    scalar    |
|link_in_2d_31_2_V_s  |  in |   64|   ap_none  | link_in_2d_31_2_V_s |    scalar    |
|link_in_2d_32_0_V_s  |  in |   64|   ap_none  | link_in_2d_32_0_V_s |    scalar    |
|link_in_2d_32_1_V_s  |  in |   64|   ap_none  | link_in_2d_32_1_V_s |    scalar    |
|link_in_2d_32_2_V_s  |  in |   64|   ap_none  | link_in_2d_32_2_V_s |    scalar    |
|link_in_2d_33_0_V_s  |  in |   64|   ap_none  | link_in_2d_33_0_V_s |    scalar    |
|link_in_2d_33_1_V_s  |  in |   64|   ap_none  | link_in_2d_33_1_V_s |    scalar    |
|link_in_2d_33_2_V_s  |  in |   64|   ap_none  | link_in_2d_33_2_V_s |    scalar    |
|link_in_2d_34_0_V_s  |  in |   64|   ap_none  | link_in_2d_34_0_V_s |    scalar    |
|link_in_2d_34_1_V_s  |  in |   64|   ap_none  | link_in_2d_34_1_V_s |    scalar    |
|link_in_2d_34_2_V_s  |  in |   64|   ap_none  | link_in_2d_34_2_V_s |    scalar    |
|link_in_2d_35_0_V_s  |  in |   64|   ap_none  | link_in_2d_35_0_V_s |    scalar    |
|link_in_2d_35_1_V_s  |  in |   64|   ap_none  | link_in_2d_35_1_V_s |    scalar    |
|link_in_2d_35_2_V_s  |  in |   64|   ap_none  | link_in_2d_35_2_V_s |    scalar    |
|link_in_2d_36_0_V_s  |  in |   64|   ap_none  | link_in_2d_36_0_V_s |    scalar    |
|link_in_2d_36_1_V_s  |  in |   64|   ap_none  | link_in_2d_36_1_V_s |    scalar    |
|link_in_2d_36_2_V_s  |  in |   64|   ap_none  | link_in_2d_36_2_V_s |    scalar    |
|link_in_2d_37_0_V_s  |  in |   64|   ap_none  | link_in_2d_37_0_V_s |    scalar    |
|link_in_2d_37_1_V_s  |  in |   64|   ap_none  | link_in_2d_37_1_V_s |    scalar    |
|link_in_2d_37_2_V_s  |  in |   64|   ap_none  | link_in_2d_37_2_V_s |    scalar    |
|link_in_2d_38_0_V_s  |  in |   64|   ap_none  | link_in_2d_38_0_V_s |    scalar    |
|link_in_2d_38_1_V_s  |  in |   64|   ap_none  | link_in_2d_38_1_V_s |    scalar    |
|link_in_2d_38_2_V_s  |  in |   64|   ap_none  | link_in_2d_38_2_V_s |    scalar    |
|link_in_2d_39_0_V_s  |  in |   64|   ap_none  | link_in_2d_39_0_V_s |    scalar    |
|link_in_2d_39_1_V_s  |  in |   64|   ap_none  | link_in_2d_39_1_V_s |    scalar    |
|link_in_2d_39_2_V_s  |  in |   64|   ap_none  | link_in_2d_39_2_V_s |    scalar    |
|link_in_2d_40_0_V_s  |  in |   64|   ap_none  | link_in_2d_40_0_V_s |    scalar    |
|link_in_2d_40_1_V_s  |  in |   64|   ap_none  | link_in_2d_40_1_V_s |    scalar    |
|link_in_2d_40_2_V_s  |  in |   64|   ap_none  | link_in_2d_40_2_V_s |    scalar    |
|link_in_2d_41_0_V_s  |  in |   64|   ap_none  | link_in_2d_41_0_V_s |    scalar    |
|link_in_2d_41_1_V_s  |  in |   64|   ap_none  | link_in_2d_41_1_V_s |    scalar    |
|link_in_2d_41_2_V_s  |  in |   64|   ap_none  | link_in_2d_41_2_V_s |    scalar    |
|link_in_2d_42_0_V_s  |  in |   64|   ap_none  | link_in_2d_42_0_V_s |    scalar    |
|link_in_2d_42_1_V_s  |  in |   64|   ap_none  | link_in_2d_42_1_V_s |    scalar    |
|link_in_2d_42_2_V_s  |  in |   64|   ap_none  | link_in_2d_42_2_V_s |    scalar    |
|link_in_2d_43_0_V_s  |  in |   64|   ap_none  | link_in_2d_43_0_V_s |    scalar    |
|link_in_2d_43_1_V_s  |  in |   64|   ap_none  | link_in_2d_43_1_V_s |    scalar    |
|link_in_2d_43_2_V_s  |  in |   64|   ap_none  | link_in_2d_43_2_V_s |    scalar    |
|link_in_2d_44_0_V_s  |  in |   64|   ap_none  | link_in_2d_44_0_V_s |    scalar    |
|link_in_2d_44_1_V_s  |  in |   64|   ap_none  | link_in_2d_44_1_V_s |    scalar    |
|link_in_2d_44_2_V_s  |  in |   64|   ap_none  | link_in_2d_44_2_V_s |    scalar    |
|link_in_2d_45_0_V_s  |  in |   64|   ap_none  | link_in_2d_45_0_V_s |    scalar    |
|link_in_2d_45_1_V_s  |  in |   64|   ap_none  | link_in_2d_45_1_V_s |    scalar    |
|link_in_2d_45_2_V_s  |  in |   64|   ap_none  | link_in_2d_45_2_V_s |    scalar    |
|link_in_2d_46_0_V_s  |  in |   64|   ap_none  | link_in_2d_46_0_V_s |    scalar    |
|link_in_2d_46_1_V_s  |  in |   64|   ap_none  | link_in_2d_46_1_V_s |    scalar    |
|link_in_2d_46_2_V_s  |  in |   64|   ap_none  | link_in_2d_46_2_V_s |    scalar    |
|link_in_2d_47_0_V_s  |  in |   64|   ap_none  | link_in_2d_47_0_V_s |    scalar    |
|link_in_2d_47_1_V_s  |  in |   64|   ap_none  | link_in_2d_47_1_V_s |    scalar    |
|link_in_2d_47_2_V_s  |  in |   64|   ap_none  | link_in_2d_47_2_V_s |    scalar    |
+---------------------+-----+-----+------------+---------------------+--------------+

