

================================================================
== Vivado HLS Report for 'algo_unpacked'
================================================================
* Date:           Tue Dec 18 12:03:04 2018

* Version:        2018.2 (Build 2258646 on Thu Jun 14 20:25:20 MDT 2018)
* Project:        null_algo_unpacked_project
* Solution:       solution1
* Product family: virtex7
* Target device:  xc7vx690tffg1927-2


================================================================
== Performance Estimates
================================================================
+ Timing (ns): 
    * Summary: 
    +--------+-------+----------+------------+
    |  Clock | Target| Estimated| Uncertainty|
    +--------+-------+----------+------------+
    |ap_clk  |   8.33|     0.000|        1.04|
    +--------+-------+----------+------------+

+ Latency (clock cycles): 
    * Summary: 
    +-----+-----+-----+-----+----------+
    |  Latency  |  Interval | Pipeline |
    | min | max | min | max |   Type   |
    +-----+-----+-----+-----+----------+
    |    1|    1|    2|    2| function |
    +-----+-----+-----+-----+----------+

    + Detail: 
        * Instance: 
        N/A

        * Loop: 
        N/A



================================================================
== Utilization Estimates
================================================================
* Summary: 
+-----------------+---------+-------+--------+--------+
|       Name      | BRAM_18K| DSP48E|   FF   |   LUT  |
+-----------------+---------+-------+--------+--------+
|DSP              |        -|      -|       -|       -|
|Expression       |        -|      -|       -|       -|
|FIFO             |        -|      -|       -|       -|
|Instance         |        -|      -|       -|       -|
|Memory           |        -|      -|       -|       -|
|Multiplexer      |        -|      -|       -|      15|
|Register         |        -|      -|    9218|       -|
+-----------------+---------+-------+--------+--------+
|Total            |        0|      0|    9218|      15|
+-----------------+---------+-------+--------+--------+
|Available        |     2940|   3600|  866400|  433200|
+-----------------+---------+-------+--------+--------+
|Utilization (%)  |        0|      0|       1|   ~0   |
+-----------------+---------+-------+--------+--------+

+ Detail: 
    * Instance: 
    N/A

    * DSP48: 
    N/A

    * Memory: 
    N/A

    * FIFO: 
    N/A

    * Expression: 
    N/A

    * Multiplexer: 
    +-----------+----+-----------+-----+-----------+
    |    Name   | LUT| Input Size| Bits| Total Bits|
    +-----------+----+-----------+-----+-----------+
    |ap_NS_fsm  |  15|          3|    1|          3|
    +-----------+----+-----------+-----+-----------+
    |Total      |  15|          3|    1|          3|
    +-----------+----+-----------+-----+-----------+

    * Register: 
    +------------------------------+----+----+-----+-----------+
    |             Name             | FF | LUT| Bits| Const Bits|
    +------------------------------+----+----+-----+-----------+
    |ap_CS_fsm                     |   2|   0|    2|          0|
    |link_in_2d_0_0_V_0_data_reg   |  64|   0|   64|          0|
    |link_in_2d_0_0_V_0_vld_reg    |   0|   0|    1|          1|
    |link_in_2d_0_1_V_0_data_reg   |  64|   0|   64|          0|
    |link_in_2d_0_1_V_0_vld_reg    |   0|   0|    1|          1|
    |link_in_2d_0_2_V_0_data_reg   |  64|   0|   64|          0|
    |link_in_2d_0_2_V_0_vld_reg    |   0|   0|    1|          1|
    |link_in_2d_10_0_V_0_data_reg  |  64|   0|   64|          0|
    |link_in_2d_10_0_V_0_vld_reg   |   0|   0|    1|          1|
    |link_in_2d_10_1_V_0_data_reg  |  64|   0|   64|          0|
    |link_in_2d_10_1_V_0_vld_reg   |   0|   0|    1|          1|
    |link_in_2d_10_2_V_0_data_reg  |  64|   0|   64|          0|
    |link_in_2d_10_2_V_0_vld_reg   |   0|   0|    1|          1|
    |link_in_2d_11_0_V_0_data_reg  |  64|   0|   64|          0|
    |link_in_2d_11_0_V_0_vld_reg   |   0|   0|    1|          1|
    |link_in_2d_11_1_V_0_data_reg  |  64|   0|   64|          0|
    |link_in_2d_11_1_V_0_vld_reg   |   0|   0|    1|          1|
    |link_in_2d_11_2_V_0_data_reg  |  64|   0|   64|          0|
    |link_in_2d_11_2_V_0_vld_reg   |   0|   0|    1|          1|
    |link_in_2d_12_0_V_0_data_reg  |  64|   0|   64|          0|
    |link_in_2d_12_0_V_0_vld_reg   |   0|   0|    1|          1|
    |link_in_2d_12_1_V_0_data_reg  |  64|   0|   64|          0|
    |link_in_2d_12_1_V_0_vld_reg   |   0|   0|    1|          1|
    |link_in_2d_12_2_V_0_data_reg  |  64|   0|   64|          0|
    |link_in_2d_12_2_V_0_vld_reg   |   0|   0|    1|          1|
    |link_in_2d_13_0_V_0_data_reg  |  64|   0|   64|          0|
    |link_in_2d_13_0_V_0_vld_reg   |   0|   0|    1|          1|
    |link_in_2d_13_1_V_0_data_reg  |  64|   0|   64|          0|
    |link_in_2d_13_1_V_0_vld_reg   |   0|   0|    1|          1|
    |link_in_2d_13_2_V_0_data_reg  |  64|   0|   64|          0|
    |link_in_2d_13_2_V_0_vld_reg   |   0|   0|    1|          1|
    |link_in_2d_14_0_V_0_data_reg  |  64|   0|   64|          0|
    |link_in_2d_14_0_V_0_vld_reg   |   0|   0|    1|          1|
    |link_in_2d_14_1_V_0_data_reg  |  64|   0|   64|          0|
    |link_in_2d_14_1_V_0_vld_reg   |   0|   0|    1|          1|
    |link_in_2d_14_2_V_0_data_reg  |  64|   0|   64|          0|
    |link_in_2d_14_2_V_0_vld_reg   |   0|   0|    1|          1|
    |link_in_2d_15_0_V_0_data_reg  |  64|   0|   64|          0|
    |link_in_2d_15_0_V_0_vld_reg   |   0|   0|    1|          1|
    |link_in_2d_15_1_V_0_data_reg  |  64|   0|   64|          0|
    |link_in_2d_15_1_V_0_vld_reg   |   0|   0|    1|          1|
    |link_in_2d_15_2_V_0_data_reg  |  64|   0|   64|          0|
    |link_in_2d_15_2_V_0_vld_reg   |   0|   0|    1|          1|
    |link_in_2d_16_0_V_0_data_reg  |  64|   0|   64|          0|
    |link_in_2d_16_0_V_0_vld_reg   |   0|   0|    1|          1|
    |link_in_2d_16_1_V_0_data_reg  |  64|   0|   64|          0|
    |link_in_2d_16_1_V_0_vld_reg   |   0|   0|    1|          1|
    |link_in_2d_16_2_V_0_data_reg  |  64|   0|   64|          0|
    |link_in_2d_16_2_V_0_vld_reg   |   0|   0|    1|          1|
    |link_in_2d_17_0_V_0_data_reg  |  64|   0|   64|          0|
    |link_in_2d_17_0_V_0_vld_reg   |   0|   0|    1|          1|
    |link_in_2d_17_1_V_0_data_reg  |  64|   0|   64|          0|
    |link_in_2d_17_1_V_0_vld_reg   |   0|   0|    1|          1|
    |link_in_2d_17_2_V_0_data_reg  |  64|   0|   64|          0|
    |link_in_2d_17_2_V_0_vld_reg   |   0|   0|    1|          1|
    |link_in_2d_18_0_V_0_data_reg  |  64|   0|   64|          0|
    |link_in_2d_18_0_V_0_vld_reg   |   0|   0|    1|          1|
    |link_in_2d_18_1_V_0_data_reg  |  64|   0|   64|          0|
    |link_in_2d_18_1_V_0_vld_reg   |   0|   0|    1|          1|
    |link_in_2d_18_2_V_0_data_reg  |  64|   0|   64|          0|
    |link_in_2d_18_2_V_0_vld_reg   |   0|   0|    1|          1|
    |link_in_2d_19_0_V_0_data_reg  |  64|   0|   64|          0|
    |link_in_2d_19_0_V_0_vld_reg   |   0|   0|    1|          1|
    |link_in_2d_19_1_V_0_data_reg  |  64|   0|   64|          0|
    |link_in_2d_19_1_V_0_vld_reg   |   0|   0|    1|          1|
    |link_in_2d_19_2_V_0_data_reg  |  64|   0|   64|          0|
    |link_in_2d_19_2_V_0_vld_reg   |   0|   0|    1|          1|
    |link_in_2d_1_0_V_0_data_reg   |  64|   0|   64|          0|
    |link_in_2d_1_0_V_0_vld_reg    |   0|   0|    1|          1|
    |link_in_2d_1_1_V_0_data_reg   |  64|   0|   64|          0|
    |link_in_2d_1_1_V_0_vld_reg    |   0|   0|    1|          1|
    |link_in_2d_1_2_V_0_data_reg   |  64|   0|   64|          0|
    |link_in_2d_1_2_V_0_vld_reg    |   0|   0|    1|          1|
    |link_in_2d_20_0_V_0_data_reg  |  64|   0|   64|          0|
    |link_in_2d_20_0_V_0_vld_reg   |   0|   0|    1|          1|
    |link_in_2d_20_1_V_0_data_reg  |  64|   0|   64|          0|
    |link_in_2d_20_1_V_0_vld_reg   |   0|   0|    1|          1|
    |link_in_2d_20_2_V_0_data_reg  |  64|   0|   64|          0|
    |link_in_2d_20_2_V_0_vld_reg   |   0|   0|    1|          1|
    |link_in_2d_21_0_V_0_data_reg  |  64|   0|   64|          0|
    |link_in_2d_21_0_V_0_vld_reg   |   0|   0|    1|          1|
    |link_in_2d_21_1_V_0_data_reg  |  64|   0|   64|          0|
    |link_in_2d_21_1_V_0_vld_reg   |   0|   0|    1|          1|
    |link_in_2d_21_2_V_0_data_reg  |  64|   0|   64|          0|
    |link_in_2d_21_2_V_0_vld_reg   |   0|   0|    1|          1|
    |link_in_2d_22_0_V_0_data_reg  |  64|   0|   64|          0|
    |link_in_2d_22_0_V_0_vld_reg   |   0|   0|    1|          1|
    |link_in_2d_22_1_V_0_data_reg  |  64|   0|   64|          0|
    |link_in_2d_22_1_V_0_vld_reg   |   0|   0|    1|          1|
    |link_in_2d_22_2_V_0_data_reg  |  64|   0|   64|          0|
    |link_in_2d_22_2_V_0_vld_reg   |   0|   0|    1|          1|
    |link_in_2d_23_0_V_0_data_reg  |  64|   0|   64|          0|
    |link_in_2d_23_0_V_0_vld_reg   |   0|   0|    1|          1|
    |link_in_2d_23_1_V_0_data_reg  |  64|   0|   64|          0|
    |link_in_2d_23_1_V_0_vld_reg   |   0|   0|    1|          1|
    |link_in_2d_23_2_V_0_data_reg  |  64|   0|   64|          0|
    |link_in_2d_23_2_V_0_vld_reg   |   0|   0|    1|          1|
    |link_in_2d_24_0_V_0_data_reg  |  64|   0|   64|          0|
    |link_in_2d_24_0_V_0_vld_reg   |   0|   0|    1|          1|
    |link_in_2d_24_1_V_0_data_reg  |  64|   0|   64|          0|
    |link_in_2d_24_1_V_0_vld_reg   |   0|   0|    1|          1|
    |link_in_2d_24_2_V_0_data_reg  |  64|   0|   64|          0|
    |link_in_2d_24_2_V_0_vld_reg   |   0|   0|    1|          1|
    |link_in_2d_25_0_V_0_data_reg  |  64|   0|   64|          0|
    |link_in_2d_25_0_V_0_vld_reg   |   0|   0|    1|          1|
    |link_in_2d_25_1_V_0_data_reg  |  64|   0|   64|          0|
    |link_in_2d_25_1_V_0_vld_reg   |   0|   0|    1|          1|
    |link_in_2d_25_2_V_0_data_reg  |  64|   0|   64|          0|
    |link_in_2d_25_2_V_0_vld_reg   |   0|   0|    1|          1|
    |link_in_2d_26_0_V_0_data_reg  |  64|   0|   64|          0|
    |link_in_2d_26_0_V_0_vld_reg   |   0|   0|    1|          1|
    |link_in_2d_26_1_V_0_data_reg  |  64|   0|   64|          0|
    |link_in_2d_26_1_V_0_vld_reg   |   0|   0|    1|          1|
    |link_in_2d_26_2_V_0_data_reg  |  64|   0|   64|          0|
    |link_in_2d_26_2_V_0_vld_reg   |   0|   0|    1|          1|
    |link_in_2d_27_0_V_0_data_reg  |  64|   0|   64|          0|
    |link_in_2d_27_0_V_0_vld_reg   |   0|   0|    1|          1|
    |link_in_2d_27_1_V_0_data_reg  |  64|   0|   64|          0|
    |link_in_2d_27_1_V_0_vld_reg   |   0|   0|    1|          1|
    |link_in_2d_27_2_V_0_data_reg  |  64|   0|   64|          0|
    |link_in_2d_27_2_V_0_vld_reg   |   0|   0|    1|          1|
    |link_in_2d_28_0_V_0_data_reg  |  64|   0|   64|          0|
    |link_in_2d_28_0_V_0_vld_reg   |   0|   0|    1|          1|
    |link_in_2d_28_1_V_0_data_reg  |  64|   0|   64|          0|
    |link_in_2d_28_1_V_0_vld_reg   |   0|   0|    1|          1|
    |link_in_2d_28_2_V_0_data_reg  |  64|   0|   64|          0|
    |link_in_2d_28_2_V_0_vld_reg   |   0|   0|    1|          1|
    |link_in_2d_29_0_V_0_data_reg  |  64|   0|   64|          0|
    |link_in_2d_29_0_V_0_vld_reg   |   0|   0|    1|          1|
    |link_in_2d_29_1_V_0_data_reg  |  64|   0|   64|          0|
    |link_in_2d_29_1_V_0_vld_reg   |   0|   0|    1|          1|
    |link_in_2d_29_2_V_0_data_reg  |  64|   0|   64|          0|
    |link_in_2d_29_2_V_0_vld_reg   |   0|   0|    1|          1|
    |link_in_2d_2_0_V_0_data_reg   |  64|   0|   64|          0|
    |link_in_2d_2_0_V_0_vld_reg    |   0|   0|    1|          1|
    |link_in_2d_2_1_V_0_data_reg   |  64|   0|   64|          0|
    |link_in_2d_2_1_V_0_vld_reg    |   0|   0|    1|          1|
    |link_in_2d_2_2_V_0_data_reg   |  64|   0|   64|          0|
    |link_in_2d_2_2_V_0_vld_reg    |   0|   0|    1|          1|
    |link_in_2d_30_0_V_0_data_reg  |  64|   0|   64|          0|
    |link_in_2d_30_0_V_0_vld_reg   |   0|   0|    1|          1|
    |link_in_2d_30_1_V_0_data_reg  |  64|   0|   64|          0|
    |link_in_2d_30_1_V_0_vld_reg   |   0|   0|    1|          1|
    |link_in_2d_30_2_V_0_data_reg  |  64|   0|   64|          0|
    |link_in_2d_30_2_V_0_vld_reg   |   0|   0|    1|          1|
    |link_in_2d_31_0_V_0_data_reg  |  64|   0|   64|          0|
    |link_in_2d_31_0_V_0_vld_reg   |   0|   0|    1|          1|
    |link_in_2d_31_1_V_0_data_reg  |  64|   0|   64|          0|
    |link_in_2d_31_1_V_0_vld_reg   |   0|   0|    1|          1|
    |link_in_2d_31_2_V_0_data_reg  |  64|   0|   64|          0|
    |link_in_2d_31_2_V_0_vld_reg   |   0|   0|    1|          1|
    |link_in_2d_32_0_V_0_data_reg  |  64|   0|   64|          0|
    |link_in_2d_32_0_V_0_vld_reg   |   0|   0|    1|          1|
    |link_in_2d_32_1_V_0_data_reg  |  64|   0|   64|          0|
    |link_in_2d_32_1_V_0_vld_reg   |   0|   0|    1|          1|
    |link_in_2d_32_2_V_0_data_reg  |  64|   0|   64|          0|
    |link_in_2d_32_2_V_0_vld_reg   |   0|   0|    1|          1|
    |link_in_2d_33_0_V_0_data_reg  |  64|   0|   64|          0|
    |link_in_2d_33_0_V_0_vld_reg   |   0|   0|    1|          1|
    |link_in_2d_33_1_V_0_data_reg  |  64|   0|   64|          0|
    |link_in_2d_33_1_V_0_vld_reg   |   0|   0|    1|          1|
    |link_in_2d_33_2_V_0_data_reg  |  64|   0|   64|          0|
    |link_in_2d_33_2_V_0_vld_reg   |   0|   0|    1|          1|
    |link_in_2d_34_0_V_0_data_reg  |  64|   0|   64|          0|
    |link_in_2d_34_0_V_0_vld_reg   |   0|   0|    1|          1|
    |link_in_2d_34_1_V_0_data_reg  |  64|   0|   64|          0|
    |link_in_2d_34_1_V_0_vld_reg   |   0|   0|    1|          1|
    |link_in_2d_34_2_V_0_data_reg  |  64|   0|   64|          0|
    |link_in_2d_34_2_V_0_vld_reg   |   0|   0|    1|          1|
    |link_in_2d_35_0_V_0_data_reg  |  64|   0|   64|          0|
    |link_in_2d_35_0_V_0_vld_reg   |   0|   0|    1|          1|
    |link_in_2d_35_1_V_0_data_reg  |  64|   0|   64|          0|
    |link_in_2d_35_1_V_0_vld_reg   |   0|   0|    1|          1|
    |link_in_2d_35_2_V_0_data_reg  |  64|   0|   64|          0|
    |link_in_2d_35_2_V_0_vld_reg   |   0|   0|    1|          1|
    |link_in_2d_36_0_V_0_data_reg  |  64|   0|   64|          0|
    |link_in_2d_36_0_V_0_vld_reg   |   0|   0|    1|          1|
    |link_in_2d_36_1_V_0_data_reg  |  64|   0|   64|          0|
    |link_in_2d_36_1_V_0_vld_reg   |   0|   0|    1|          1|
    |link_in_2d_36_2_V_0_data_reg  |  64|   0|   64|          0|
    |link_in_2d_36_2_V_0_vld_reg   |   0|   0|    1|          1|
    |link_in_2d_37_0_V_0_data_reg  |  64|   0|   64|          0|
    |link_in_2d_37_0_V_0_vld_reg   |   0|   0|    1|          1|
    |link_in_2d_37_1_V_0_data_reg  |  64|   0|   64|          0|
    |link_in_2d_37_1_V_0_vld_reg   |   0|   0|    1|          1|
    |link_in_2d_37_2_V_0_data_reg  |  64|   0|   64|          0|
    |link_in_2d_37_2_V_0_vld_reg   |   0|   0|    1|          1|
    |link_in_2d_38_0_V_0_data_reg  |  64|   0|   64|          0|
    |link_in_2d_38_0_V_0_vld_reg   |   0|   0|    1|          1|
    |link_in_2d_38_1_V_0_data_reg  |  64|   0|   64|          0|
    |link_in_2d_38_1_V_0_vld_reg   |   0|   0|    1|          1|
    |link_in_2d_38_2_V_0_data_reg  |  64|   0|   64|          0|
    |link_in_2d_38_2_V_0_vld_reg   |   0|   0|    1|          1|
    |link_in_2d_39_0_V_0_data_reg  |  64|   0|   64|          0|
    |link_in_2d_39_0_V_0_vld_reg   |   0|   0|    1|          1|
    |link_in_2d_39_1_V_0_data_reg  |  64|   0|   64|          0|
    |link_in_2d_39_1_V_0_vld_reg   |   0|   0|    1|          1|
    |link_in_2d_39_2_V_0_data_reg  |  64|   0|   64|          0|
    |link_in_2d_39_2_V_0_vld_reg   |   0|   0|    1|          1|
    |link_in_2d_3_0_V_0_data_reg   |  64|   0|   64|          0|
    |link_in_2d_3_0_V_0_vld_reg    |   0|   0|    1|          1|
    |link_in_2d_3_1_V_0_data_reg   |  64|   0|   64|          0|
    |link_in_2d_3_1_V_0_vld_reg    |   0|   0|    1|          1|
    |link_in_2d_3_2_V_0_data_reg   |  64|   0|   64|          0|
    |link_in_2d_3_2_V_0_vld_reg    |   0|   0|    1|          1|
    |link_in_2d_40_0_V_0_data_reg  |  64|   0|   64|          0|
    |link_in_2d_40_0_V_0_vld_reg   |   0|   0|    1|          1|
    |link_in_2d_40_1_V_0_data_reg  |  64|   0|   64|          0|
    |link_in_2d_40_1_V_0_vld_reg   |   0|   0|    1|          1|
    |link_in_2d_40_2_V_0_data_reg  |  64|   0|   64|          0|
    |link_in_2d_40_2_V_0_vld_reg   |   0|   0|    1|          1|
    |link_in_2d_41_0_V_0_data_reg  |  64|   0|   64|          0|
    |link_in_2d_41_0_V_0_vld_reg   |   0|   0|    1|          1|
    |link_in_2d_41_1_V_0_data_reg  |  64|   0|   64|          0|
    |link_in_2d_41_1_V_0_vld_reg   |   0|   0|    1|          1|
    |link_in_2d_41_2_V_0_data_reg  |  64|   0|   64|          0|
    |link_in_2d_41_2_V_0_vld_reg   |   0|   0|    1|          1|
    |link_in_2d_42_0_V_0_data_reg  |  64|   0|   64|          0|
    |link_in_2d_42_0_V_0_vld_reg   |   0|   0|    1|          1|
    |link_in_2d_42_1_V_0_data_reg  |  64|   0|   64|          0|
    |link_in_2d_42_1_V_0_vld_reg   |   0|   0|    1|          1|
    |link_in_2d_42_2_V_0_data_reg  |  64|   0|   64|          0|
    |link_in_2d_42_2_V_0_vld_reg   |   0|   0|    1|          1|
    |link_in_2d_43_0_V_0_data_reg  |  64|   0|   64|          0|
    |link_in_2d_43_0_V_0_vld_reg   |   0|   0|    1|          1|
    |link_in_2d_43_1_V_0_data_reg  |  64|   0|   64|          0|
    |link_in_2d_43_1_V_0_vld_reg   |   0|   0|    1|          1|
    |link_in_2d_43_2_V_0_data_reg  |  64|   0|   64|          0|
    |link_in_2d_43_2_V_0_vld_reg   |   0|   0|    1|          1|
    |link_in_2d_44_0_V_0_data_reg  |  64|   0|   64|          0|
    |link_in_2d_44_0_V_0_vld_reg   |   0|   0|    1|          1|
    |link_in_2d_44_1_V_0_data_reg  |  64|   0|   64|          0|
    |link_in_2d_44_1_V_0_vld_reg   |   0|   0|    1|          1|
    |link_in_2d_44_2_V_0_data_reg  |  64|   0|   64|          0|
    |link_in_2d_44_2_V_0_vld_reg   |   0|   0|    1|          1|
    |link_in_2d_45_0_V_0_data_reg  |  64|   0|   64|          0|
    |link_in_2d_45_0_V_0_vld_reg   |   0|   0|    1|          1|
    |link_in_2d_45_1_V_0_data_reg  |  64|   0|   64|          0|
    |link_in_2d_45_1_V_0_vld_reg   |   0|   0|    1|          1|
    |link_in_2d_45_2_V_0_data_reg  |  64|   0|   64|          0|
    |link_in_2d_45_2_V_0_vld_reg   |   0|   0|    1|          1|
    |link_in_2d_46_0_V_0_data_reg  |  64|   0|   64|          0|
    |link_in_2d_46_0_V_0_vld_reg   |   0|   0|    1|          1|
    |link_in_2d_46_1_V_0_data_reg  |  64|   0|   64|          0|
    |link_in_2d_46_1_V_0_vld_reg   |   0|   0|    1|          1|
    |link_in_2d_46_2_V_0_data_reg  |  64|   0|   64|          0|
    |link_in_2d_46_2_V_0_vld_reg   |   0|   0|    1|          1|
    |link_in_2d_47_0_V_0_data_reg  |  64|   0|   64|          0|
    |link_in_2d_47_0_V_0_vld_reg   |   0|   0|    1|          1|
    |link_in_2d_47_1_V_0_data_reg  |  64|   0|   64|          0|
    |link_in_2d_47_1_V_0_vld_reg   |   0|   0|    1|          1|
    |link_in_2d_47_2_V_0_data_reg  |  64|   0|   64|          0|
    |link_in_2d_47_2_V_0_vld_reg   |   0|   0|    1|          1|
    |link_in_2d_4_0_V_0_data_reg   |  64|   0|   64|          0|
    |link_in_2d_4_0_V_0_vld_reg    |   0|   0|    1|          1|
    |link_in_2d_4_1_V_0_data_reg   |  64|   0|   64|          0|
    |link_in_2d_4_1_V_0_vld_reg    |   0|   0|    1|          1|
    |link_in_2d_4_2_V_0_data_reg   |  64|   0|   64|          0|
    |link_in_2d_4_2_V_0_vld_reg    |   0|   0|    1|          1|
    |link_in_2d_5_0_V_0_data_reg   |  64|   0|   64|          0|
    |link_in_2d_5_0_V_0_vld_reg    |   0|   0|    1|          1|
    |link_in_2d_5_1_V_0_data_reg   |  64|   0|   64|          0|
    |link_in_2d_5_1_V_0_vld_reg    |   0|   0|    1|          1|
    |link_in_2d_5_2_V_0_data_reg   |  64|   0|   64|          0|
    |link_in_2d_5_2_V_0_vld_reg    |   0|   0|    1|          1|
    |link_in_2d_6_0_V_0_data_reg   |  64|   0|   64|          0|
    |link_in_2d_6_0_V_0_vld_reg    |   0|   0|    1|          1|
    |link_in_2d_6_1_V_0_data_reg   |  64|   0|   64|          0|
    |link_in_2d_6_1_V_0_vld_reg    |   0|   0|    1|          1|
    |link_in_2d_6_2_V_0_data_reg   |  64|   0|   64|          0|
    |link_in_2d_6_2_V_0_vld_reg    |   0|   0|    1|          1|
    |link_in_2d_7_0_V_0_data_reg   |  64|   0|   64|          0|
    |link_in_2d_7_0_V_0_vld_reg    |   0|   0|    1|          1|
    |link_in_2d_7_1_V_0_data_reg   |  64|   0|   64|          0|
    |link_in_2d_7_1_V_0_vld_reg    |   0|   0|    1|          1|
    |link_in_2d_7_2_V_0_data_reg   |  64|   0|   64|          0|
    |link_in_2d_7_2_V_0_vld_reg    |   0|   0|    1|          1|
    |link_in_2d_8_0_V_0_data_reg   |  64|   0|   64|          0|
    |link_in_2d_8_0_V_0_vld_reg    |   0|   0|    1|          1|
    |link_in_2d_8_1_V_0_data_reg   |  64|   0|   64|          0|
    |link_in_2d_8_1_V_0_vld_reg    |   0|   0|    1|          1|
    |link_in_2d_8_2_V_0_data_reg   |  64|   0|   64|          0|
    |link_in_2d_8_2_V_0_vld_reg    |   0|   0|    1|          1|
    |link_in_2d_9_0_V_0_data_reg   |  64|   0|   64|          0|
    |link_in_2d_9_0_V_0_vld_reg    |   0|   0|    1|          1|
    |link_in_2d_9_1_V_0_data_reg   |  64|   0|   64|          0|
    |link_in_2d_9_1_V_0_vld_reg    |   0|   0|    1|          1|
    |link_in_2d_9_2_V_0_data_reg   |  64|   0|   64|          0|
    |link_in_2d_9_2_V_0_vld_reg    |   0|   0|    1|          1|
    +------------------------------+----+----+-----+-----------+
    |Total                         |9218|   0| 9362|        144|
    +------------------------------+----+----+-----+-----------+



================================================================
== Interface
================================================================
* Summary: 
+--------------------+-----+-----+------------+--------------------+--------------+
|      RTL Ports     | Dir | Bits|  Protocol  |    Source Object   |    C Type    |
+--------------------+-----+-----+------------+--------------------+--------------+
|ap_clk              |  in |    1| ap_ctrl_hs |    algo_unpacked   | return value |
|ap_rst              |  in |    1| ap_ctrl_hs |    algo_unpacked   | return value |
|ap_start            |  in |    1| ap_ctrl_hs |    algo_unpacked   | return value |
|ap_done             | out |    1| ap_ctrl_hs |    algo_unpacked   | return value |
|ap_idle             | out |    1| ap_ctrl_hs |    algo_unpacked   | return value |
|ap_ready            | out |    1| ap_ctrl_hs |    algo_unpacked   | return value |
|link_in_2d_0_0_V    |  in |   64|   ap_none  |  link_in_2d_0_0_V  |    pointer   |
|link_in_2d_0_1_V    |  in |   64|   ap_none  |  link_in_2d_0_1_V  |    pointer   |
|link_in_2d_0_2_V    |  in |   64|   ap_none  |  link_in_2d_0_2_V  |    pointer   |
|link_in_2d_1_0_V    |  in |   64|   ap_none  |  link_in_2d_1_0_V  |    pointer   |
|link_in_2d_1_1_V    |  in |   64|   ap_none  |  link_in_2d_1_1_V  |    pointer   |
|link_in_2d_1_2_V    |  in |   64|   ap_none  |  link_in_2d_1_2_V  |    pointer   |
|link_in_2d_2_0_V    |  in |   64|   ap_none  |  link_in_2d_2_0_V  |    pointer   |
|link_in_2d_2_1_V    |  in |   64|   ap_none  |  link_in_2d_2_1_V  |    pointer   |
|link_in_2d_2_2_V    |  in |   64|   ap_none  |  link_in_2d_2_2_V  |    pointer   |
|link_in_2d_3_0_V    |  in |   64|   ap_none  |  link_in_2d_3_0_V  |    pointer   |
|link_in_2d_3_1_V    |  in |   64|   ap_none  |  link_in_2d_3_1_V  |    pointer   |
|link_in_2d_3_2_V    |  in |   64|   ap_none  |  link_in_2d_3_2_V  |    pointer   |
|link_in_2d_4_0_V    |  in |   64|   ap_none  |  link_in_2d_4_0_V  |    pointer   |
|link_in_2d_4_1_V    |  in |   64|   ap_none  |  link_in_2d_4_1_V  |    pointer   |
|link_in_2d_4_2_V    |  in |   64|   ap_none  |  link_in_2d_4_2_V  |    pointer   |
|link_in_2d_5_0_V    |  in |   64|   ap_none  |  link_in_2d_5_0_V  |    pointer   |
|link_in_2d_5_1_V    |  in |   64|   ap_none  |  link_in_2d_5_1_V  |    pointer   |
|link_in_2d_5_2_V    |  in |   64|   ap_none  |  link_in_2d_5_2_V  |    pointer   |
|link_in_2d_6_0_V    |  in |   64|   ap_none  |  link_in_2d_6_0_V  |    pointer   |
|link_in_2d_6_1_V    |  in |   64|   ap_none  |  link_in_2d_6_1_V  |    pointer   |
|link_in_2d_6_2_V    |  in |   64|   ap_none  |  link_in_2d_6_2_V  |    pointer   |
|link_in_2d_7_0_V    |  in |   64|   ap_none  |  link_in_2d_7_0_V  |    pointer   |
|link_in_2d_7_1_V    |  in |   64|   ap_none  |  link_in_2d_7_1_V  |    pointer   |
|link_in_2d_7_2_V    |  in |   64|   ap_none  |  link_in_2d_7_2_V  |    pointer   |
|link_in_2d_8_0_V    |  in |   64|   ap_none  |  link_in_2d_8_0_V  |    pointer   |
|link_in_2d_8_1_V    |  in |   64|   ap_none  |  link_in_2d_8_1_V  |    pointer   |
|link_in_2d_8_2_V    |  in |   64|   ap_none  |  link_in_2d_8_2_V  |    pointer   |
|link_in_2d_9_0_V    |  in |   64|   ap_none  |  link_in_2d_9_0_V  |    pointer   |
|link_in_2d_9_1_V    |  in |   64|   ap_none  |  link_in_2d_9_1_V  |    pointer   |
|link_in_2d_9_2_V    |  in |   64|   ap_none  |  link_in_2d_9_2_V  |    pointer   |
|link_in_2d_10_0_V   |  in |   64|   ap_none  |  link_in_2d_10_0_V |    pointer   |
|link_in_2d_10_1_V   |  in |   64|   ap_none  |  link_in_2d_10_1_V |    pointer   |
|link_in_2d_10_2_V   |  in |   64|   ap_none  |  link_in_2d_10_2_V |    pointer   |
|link_in_2d_11_0_V   |  in |   64|   ap_none  |  link_in_2d_11_0_V |    pointer   |
|link_in_2d_11_1_V   |  in |   64|   ap_none  |  link_in_2d_11_1_V |    pointer   |
|link_in_2d_11_2_V   |  in |   64|   ap_none  |  link_in_2d_11_2_V |    pointer   |
|link_in_2d_12_0_V   |  in |   64|   ap_none  |  link_in_2d_12_0_V |    pointer   |
|link_in_2d_12_1_V   |  in |   64|   ap_none  |  link_in_2d_12_1_V |    pointer   |
|link_in_2d_12_2_V   |  in |   64|   ap_none  |  link_in_2d_12_2_V |    pointer   |
|link_in_2d_13_0_V   |  in |   64|   ap_none  |  link_in_2d_13_0_V |    pointer   |
|link_in_2d_13_1_V   |  in |   64|   ap_none  |  link_in_2d_13_1_V |    pointer   |
|link_in_2d_13_2_V   |  in |   64|   ap_none  |  link_in_2d_13_2_V |    pointer   |
|link_in_2d_14_0_V   |  in |   64|   ap_none  |  link_in_2d_14_0_V |    pointer   |
|link_in_2d_14_1_V   |  in |   64|   ap_none  |  link_in_2d_14_1_V |    pointer   |
|link_in_2d_14_2_V   |  in |   64|   ap_none  |  link_in_2d_14_2_V |    pointer   |
|link_in_2d_15_0_V   |  in |   64|   ap_none  |  link_in_2d_15_0_V |    pointer   |
|link_in_2d_15_1_V   |  in |   64|   ap_none  |  link_in_2d_15_1_V |    pointer   |
|link_in_2d_15_2_V   |  in |   64|   ap_none  |  link_in_2d_15_2_V |    pointer   |
|link_in_2d_16_0_V   |  in |   64|   ap_none  |  link_in_2d_16_0_V |    pointer   |
|link_in_2d_16_1_V   |  in |   64|   ap_none  |  link_in_2d_16_1_V |    pointer   |
|link_in_2d_16_2_V   |  in |   64|   ap_none  |  link_in_2d_16_2_V |    pointer   |
|link_in_2d_17_0_V   |  in |   64|   ap_none  |  link_in_2d_17_0_V |    pointer   |
|link_in_2d_17_1_V   |  in |   64|   ap_none  |  link_in_2d_17_1_V |    pointer   |
|link_in_2d_17_2_V   |  in |   64|   ap_none  |  link_in_2d_17_2_V |    pointer   |
|link_in_2d_18_0_V   |  in |   64|   ap_none  |  link_in_2d_18_0_V |    pointer   |
|link_in_2d_18_1_V   |  in |   64|   ap_none  |  link_in_2d_18_1_V |    pointer   |
|link_in_2d_18_2_V   |  in |   64|   ap_none  |  link_in_2d_18_2_V |    pointer   |
|link_in_2d_19_0_V   |  in |   64|   ap_none  |  link_in_2d_19_0_V |    pointer   |
|link_in_2d_19_1_V   |  in |   64|   ap_none  |  link_in_2d_19_1_V |    pointer   |
|link_in_2d_19_2_V   |  in |   64|   ap_none  |  link_in_2d_19_2_V |    pointer   |
|link_in_2d_20_0_V   |  in |   64|   ap_none  |  link_in_2d_20_0_V |    pointer   |
|link_in_2d_20_1_V   |  in |   64|   ap_none  |  link_in_2d_20_1_V |    pointer   |
|link_in_2d_20_2_V   |  in |   64|   ap_none  |  link_in_2d_20_2_V |    pointer   |
|link_in_2d_21_0_V   |  in |   64|   ap_none  |  link_in_2d_21_0_V |    pointer   |
|link_in_2d_21_1_V   |  in |   64|   ap_none  |  link_in_2d_21_1_V |    pointer   |
|link_in_2d_21_2_V   |  in |   64|   ap_none  |  link_in_2d_21_2_V |    pointer   |
|link_in_2d_22_0_V   |  in |   64|   ap_none  |  link_in_2d_22_0_V |    pointer   |
|link_in_2d_22_1_V   |  in |   64|   ap_none  |  link_in_2d_22_1_V |    pointer   |
|link_in_2d_22_2_V   |  in |   64|   ap_none  |  link_in_2d_22_2_V |    pointer   |
|link_in_2d_23_0_V   |  in |   64|   ap_none  |  link_in_2d_23_0_V |    pointer   |
|link_in_2d_23_1_V   |  in |   64|   ap_none  |  link_in_2d_23_1_V |    pointer   |
|link_in_2d_23_2_V   |  in |   64|   ap_none  |  link_in_2d_23_2_V |    pointer   |
|link_in_2d_24_0_V   |  in |   64|   ap_none  |  link_in_2d_24_0_V |    pointer   |
|link_in_2d_24_1_V   |  in |   64|   ap_none  |  link_in_2d_24_1_V |    pointer   |
|link_in_2d_24_2_V   |  in |   64|   ap_none  |  link_in_2d_24_2_V |    pointer   |
|link_in_2d_25_0_V   |  in |   64|   ap_none  |  link_in_2d_25_0_V |    pointer   |
|link_in_2d_25_1_V   |  in |   64|   ap_none  |  link_in_2d_25_1_V |    pointer   |
|link_in_2d_25_2_V   |  in |   64|   ap_none  |  link_in_2d_25_2_V |    pointer   |
|link_in_2d_26_0_V   |  in |   64|   ap_none  |  link_in_2d_26_0_V |    pointer   |
|link_in_2d_26_1_V   |  in |   64|   ap_none  |  link_in_2d_26_1_V |    pointer   |
|link_in_2d_26_2_V   |  in |   64|   ap_none  |  link_in_2d_26_2_V |    pointer   |
|link_in_2d_27_0_V   |  in |   64|   ap_none  |  link_in_2d_27_0_V |    pointer   |
|link_in_2d_27_1_V   |  in |   64|   ap_none  |  link_in_2d_27_1_V |    pointer   |
|link_in_2d_27_2_V   |  in |   64|   ap_none  |  link_in_2d_27_2_V |    pointer   |
|link_in_2d_28_0_V   |  in |   64|   ap_none  |  link_in_2d_28_0_V |    pointer   |
|link_in_2d_28_1_V   |  in |   64|   ap_none  |  link_in_2d_28_1_V |    pointer   |
|link_in_2d_28_2_V   |  in |   64|   ap_none  |  link_in_2d_28_2_V |    pointer   |
|link_in_2d_29_0_V   |  in |   64|   ap_none  |  link_in_2d_29_0_V |    pointer   |
|link_in_2d_29_1_V   |  in |   64|   ap_none  |  link_in_2d_29_1_V |    pointer   |
|link_in_2d_29_2_V   |  in |   64|   ap_none  |  link_in_2d_29_2_V |    pointer   |
|link_in_2d_30_0_V   |  in |   64|   ap_none  |  link_in_2d_30_0_V |    pointer   |
|link_in_2d_30_1_V   |  in |   64|   ap_none  |  link_in_2d_30_1_V |    pointer   |
|link_in_2d_30_2_V   |  in |   64|   ap_none  |  link_in_2d_30_2_V |    pointer   |
|link_in_2d_31_0_V   |  in |   64|   ap_none  |  link_in_2d_31_0_V |    pointer   |
|link_in_2d_31_1_V   |  in |   64|   ap_none  |  link_in_2d_31_1_V |    pointer   |
|link_in_2d_31_2_V   |  in |   64|   ap_none  |  link_in_2d_31_2_V |    pointer   |
|link_in_2d_32_0_V   |  in |   64|   ap_none  |  link_in_2d_32_0_V |    pointer   |
|link_in_2d_32_1_V   |  in |   64|   ap_none  |  link_in_2d_32_1_V |    pointer   |
|link_in_2d_32_2_V   |  in |   64|   ap_none  |  link_in_2d_32_2_V |    pointer   |
|link_in_2d_33_0_V   |  in |   64|   ap_none  |  link_in_2d_33_0_V |    pointer   |
|link_in_2d_33_1_V   |  in |   64|   ap_none  |  link_in_2d_33_1_V |    pointer   |
|link_in_2d_33_2_V   |  in |   64|   ap_none  |  link_in_2d_33_2_V |    pointer   |
|link_in_2d_34_0_V   |  in |   64|   ap_none  |  link_in_2d_34_0_V |    pointer   |
|link_in_2d_34_1_V   |  in |   64|   ap_none  |  link_in_2d_34_1_V |    pointer   |
|link_in_2d_34_2_V   |  in |   64|   ap_none  |  link_in_2d_34_2_V |    pointer   |
|link_in_2d_35_0_V   |  in |   64|   ap_none  |  link_in_2d_35_0_V |    pointer   |
|link_in_2d_35_1_V   |  in |   64|   ap_none  |  link_in_2d_35_1_V |    pointer   |
|link_in_2d_35_2_V   |  in |   64|   ap_none  |  link_in_2d_35_2_V |    pointer   |
|link_in_2d_36_0_V   |  in |   64|   ap_none  |  link_in_2d_36_0_V |    pointer   |
|link_in_2d_36_1_V   |  in |   64|   ap_none  |  link_in_2d_36_1_V |    pointer   |
|link_in_2d_36_2_V   |  in |   64|   ap_none  |  link_in_2d_36_2_V |    pointer   |
|link_in_2d_37_0_V   |  in |   64|   ap_none  |  link_in_2d_37_0_V |    pointer   |
|link_in_2d_37_1_V   |  in |   64|   ap_none  |  link_in_2d_37_1_V |    pointer   |
|link_in_2d_37_2_V   |  in |   64|   ap_none  |  link_in_2d_37_2_V |    pointer   |
|link_in_2d_38_0_V   |  in |   64|   ap_none  |  link_in_2d_38_0_V |    pointer   |
|link_in_2d_38_1_V   |  in |   64|   ap_none  |  link_in_2d_38_1_V |    pointer   |
|link_in_2d_38_2_V   |  in |   64|   ap_none  |  link_in_2d_38_2_V |    pointer   |
|link_in_2d_39_0_V   |  in |   64|   ap_none  |  link_in_2d_39_0_V |    pointer   |
|link_in_2d_39_1_V   |  in |   64|   ap_none  |  link_in_2d_39_1_V |    pointer   |
|link_in_2d_39_2_V   |  in |   64|   ap_none  |  link_in_2d_39_2_V |    pointer   |
|link_in_2d_40_0_V   |  in |   64|   ap_none  |  link_in_2d_40_0_V |    pointer   |
|link_in_2d_40_1_V   |  in |   64|   ap_none  |  link_in_2d_40_1_V |    pointer   |
|link_in_2d_40_2_V   |  in |   64|   ap_none  |  link_in_2d_40_2_V |    pointer   |
|link_in_2d_41_0_V   |  in |   64|   ap_none  |  link_in_2d_41_0_V |    pointer   |
|link_in_2d_41_1_V   |  in |   64|   ap_none  |  link_in_2d_41_1_V |    pointer   |
|link_in_2d_41_2_V   |  in |   64|   ap_none  |  link_in_2d_41_2_V |    pointer   |
|link_in_2d_42_0_V   |  in |   64|   ap_none  |  link_in_2d_42_0_V |    pointer   |
|link_in_2d_42_1_V   |  in |   64|   ap_none  |  link_in_2d_42_1_V |    pointer   |
|link_in_2d_42_2_V   |  in |   64|   ap_none  |  link_in_2d_42_2_V |    pointer   |
|link_in_2d_43_0_V   |  in |   64|   ap_none  |  link_in_2d_43_0_V |    pointer   |
|link_in_2d_43_1_V   |  in |   64|   ap_none  |  link_in_2d_43_1_V |    pointer   |
|link_in_2d_43_2_V   |  in |   64|   ap_none  |  link_in_2d_43_2_V |    pointer   |
|link_in_2d_44_0_V   |  in |   64|   ap_none  |  link_in_2d_44_0_V |    pointer   |
|link_in_2d_44_1_V   |  in |   64|   ap_none  |  link_in_2d_44_1_V |    pointer   |
|link_in_2d_44_2_V   |  in |   64|   ap_none  |  link_in_2d_44_2_V |    pointer   |
|link_in_2d_45_0_V   |  in |   64|   ap_none  |  link_in_2d_45_0_V |    pointer   |
|link_in_2d_45_1_V   |  in |   64|   ap_none  |  link_in_2d_45_1_V |    pointer   |
|link_in_2d_45_2_V   |  in |   64|   ap_none  |  link_in_2d_45_2_V |    pointer   |
|link_in_2d_46_0_V   |  in |   64|   ap_none  |  link_in_2d_46_0_V |    pointer   |
|link_in_2d_46_1_V   |  in |   64|   ap_none  |  link_in_2d_46_1_V |    pointer   |
|link_in_2d_46_2_V   |  in |   64|   ap_none  |  link_in_2d_46_2_V |    pointer   |
|link_in_2d_47_0_V   |  in |   64|   ap_none  |  link_in_2d_47_0_V |    pointer   |
|link_in_2d_47_1_V   |  in |   64|   ap_none  |  link_in_2d_47_1_V |    pointer   |
|link_in_2d_47_2_V   |  in |   64|   ap_none  |  link_in_2d_47_2_V |    pointer   |
|link_out_2d_0_0_V   | out |   64|   ap_none  |  link_out_2d_0_0_V |    pointer   |
|link_out_2d_0_1_V   | out |   64|   ap_none  |  link_out_2d_0_1_V |    pointer   |
|link_out_2d_0_2_V   | out |   64|   ap_none  |  link_out_2d_0_2_V |    pointer   |
|link_out_2d_1_0_V   | out |   64|   ap_none  |  link_out_2d_1_0_V |    pointer   |
|link_out_2d_1_1_V   | out |   64|   ap_none  |  link_out_2d_1_1_V |    pointer   |
|link_out_2d_1_2_V   | out |   64|   ap_none  |  link_out_2d_1_2_V |    pointer   |
|link_out_2d_2_0_V   | out |   64|   ap_none  |  link_out_2d_2_0_V |    pointer   |
|link_out_2d_2_1_V   | out |   64|   ap_none  |  link_out_2d_2_1_V |    pointer   |
|link_out_2d_2_2_V   | out |   64|   ap_none  |  link_out_2d_2_2_V |    pointer   |
|link_out_2d_3_0_V   | out |   64|   ap_none  |  link_out_2d_3_0_V |    pointer   |
|link_out_2d_3_1_V   | out |   64|   ap_none  |  link_out_2d_3_1_V |    pointer   |
|link_out_2d_3_2_V   | out |   64|   ap_none  |  link_out_2d_3_2_V |    pointer   |
|link_out_2d_4_0_V   | out |   64|   ap_none  |  link_out_2d_4_0_V |    pointer   |
|link_out_2d_4_1_V   | out |   64|   ap_none  |  link_out_2d_4_1_V |    pointer   |
|link_out_2d_4_2_V   | out |   64|   ap_none  |  link_out_2d_4_2_V |    pointer   |
|link_out_2d_5_0_V   | out |   64|   ap_none  |  link_out_2d_5_0_V |    pointer   |
|link_out_2d_5_1_V   | out |   64|   ap_none  |  link_out_2d_5_1_V |    pointer   |
|link_out_2d_5_2_V   | out |   64|   ap_none  |  link_out_2d_5_2_V |    pointer   |
|link_out_2d_6_0_V   | out |   64|   ap_none  |  link_out_2d_6_0_V |    pointer   |
|link_out_2d_6_1_V   | out |   64|   ap_none  |  link_out_2d_6_1_V |    pointer   |
|link_out_2d_6_2_V   | out |   64|   ap_none  |  link_out_2d_6_2_V |    pointer   |
|link_out_2d_7_0_V   | out |   64|   ap_none  |  link_out_2d_7_0_V |    pointer   |
|link_out_2d_7_1_V   | out |   64|   ap_none  |  link_out_2d_7_1_V |    pointer   |
|link_out_2d_7_2_V   | out |   64|   ap_none  |  link_out_2d_7_2_V |    pointer   |
|link_out_2d_8_0_V   | out |   64|   ap_none  |  link_out_2d_8_0_V |    pointer   |
|link_out_2d_8_1_V   | out |   64|   ap_none  |  link_out_2d_8_1_V |    pointer   |
|link_out_2d_8_2_V   | out |   64|   ap_none  |  link_out_2d_8_2_V |    pointer   |
|link_out_2d_9_0_V   | out |   64|   ap_none  |  link_out_2d_9_0_V |    pointer   |
|link_out_2d_9_1_V   | out |   64|   ap_none  |  link_out_2d_9_1_V |    pointer   |
|link_out_2d_9_2_V   | out |   64|   ap_none  |  link_out_2d_9_2_V |    pointer   |
|link_out_2d_10_0_V  | out |   64|   ap_none  | link_out_2d_10_0_V |    pointer   |
|link_out_2d_10_1_V  | out |   64|   ap_none  | link_out_2d_10_1_V |    pointer   |
|link_out_2d_10_2_V  | out |   64|   ap_none  | link_out_2d_10_2_V |    pointer   |
|link_out_2d_11_0_V  | out |   64|   ap_none  | link_out_2d_11_0_V |    pointer   |
|link_out_2d_11_1_V  | out |   64|   ap_none  | link_out_2d_11_1_V |    pointer   |
|link_out_2d_11_2_V  | out |   64|   ap_none  | link_out_2d_11_2_V |    pointer   |
|link_out_2d_12_0_V  | out |   64|   ap_none  | link_out_2d_12_0_V |    pointer   |
|link_out_2d_12_1_V  | out |   64|   ap_none  | link_out_2d_12_1_V |    pointer   |
|link_out_2d_12_2_V  | out |   64|   ap_none  | link_out_2d_12_2_V |    pointer   |
|link_out_2d_13_0_V  | out |   64|   ap_none  | link_out_2d_13_0_V |    pointer   |
|link_out_2d_13_1_V  | out |   64|   ap_none  | link_out_2d_13_1_V |    pointer   |
|link_out_2d_13_2_V  | out |   64|   ap_none  | link_out_2d_13_2_V |    pointer   |
|link_out_2d_14_0_V  | out |   64|   ap_none  | link_out_2d_14_0_V |    pointer   |
|link_out_2d_14_1_V  | out |   64|   ap_none  | link_out_2d_14_1_V |    pointer   |
|link_out_2d_14_2_V  | out |   64|   ap_none  | link_out_2d_14_2_V |    pointer   |
|link_out_2d_15_0_V  | out |   64|   ap_none  | link_out_2d_15_0_V |    pointer   |
|link_out_2d_15_1_V  | out |   64|   ap_none  | link_out_2d_15_1_V |    pointer   |
|link_out_2d_15_2_V  | out |   64|   ap_none  | link_out_2d_15_2_V |    pointer   |
|link_out_2d_16_0_V  | out |   64|   ap_none  | link_out_2d_16_0_V |    pointer   |
|link_out_2d_16_1_V  | out |   64|   ap_none  | link_out_2d_16_1_V |    pointer   |
|link_out_2d_16_2_V  | out |   64|   ap_none  | link_out_2d_16_2_V |    pointer   |
|link_out_2d_17_0_V  | out |   64|   ap_none  | link_out_2d_17_0_V |    pointer   |
|link_out_2d_17_1_V  | out |   64|   ap_none  | link_out_2d_17_1_V |    pointer   |
|link_out_2d_17_2_V  | out |   64|   ap_none  | link_out_2d_17_2_V |    pointer   |
|link_out_2d_18_0_V  | out |   64|   ap_none  | link_out_2d_18_0_V |    pointer   |
|link_out_2d_18_1_V  | out |   64|   ap_none  | link_out_2d_18_1_V |    pointer   |
|link_out_2d_18_2_V  | out |   64|   ap_none  | link_out_2d_18_2_V |    pointer   |
|link_out_2d_19_0_V  | out |   64|   ap_none  | link_out_2d_19_0_V |    pointer   |
|link_out_2d_19_1_V  | out |   64|   ap_none  | link_out_2d_19_1_V |    pointer   |
|link_out_2d_19_2_V  | out |   64|   ap_none  | link_out_2d_19_2_V |    pointer   |
|link_out_2d_20_0_V  | out |   64|   ap_none  | link_out_2d_20_0_V |    pointer   |
|link_out_2d_20_1_V  | out |   64|   ap_none  | link_out_2d_20_1_V |    pointer   |
|link_out_2d_20_2_V  | out |   64|   ap_none  | link_out_2d_20_2_V |    pointer   |
|link_out_2d_21_0_V  | out |   64|   ap_none  | link_out_2d_21_0_V |    pointer   |
|link_out_2d_21_1_V  | out |   64|   ap_none  | link_out_2d_21_1_V |    pointer   |
|link_out_2d_21_2_V  | out |   64|   ap_none  | link_out_2d_21_2_V |    pointer   |
|link_out_2d_22_0_V  | out |   64|   ap_none  | link_out_2d_22_0_V |    pointer   |
|link_out_2d_22_1_V  | out |   64|   ap_none  | link_out_2d_22_1_V |    pointer   |
|link_out_2d_22_2_V  | out |   64|   ap_none  | link_out_2d_22_2_V |    pointer   |
|link_out_2d_23_0_V  | out |   64|   ap_none  | link_out_2d_23_0_V |    pointer   |
|link_out_2d_23_1_V  | out |   64|   ap_none  | link_out_2d_23_1_V |    pointer   |
|link_out_2d_23_2_V  | out |   64|   ap_none  | link_out_2d_23_2_V |    pointer   |
|link_out_2d_24_0_V  | out |   64|   ap_none  | link_out_2d_24_0_V |    pointer   |
|link_out_2d_24_1_V  | out |   64|   ap_none  | link_out_2d_24_1_V |    pointer   |
|link_out_2d_24_2_V  | out |   64|   ap_none  | link_out_2d_24_2_V |    pointer   |
|link_out_2d_25_0_V  | out |   64|   ap_none  | link_out_2d_25_0_V |    pointer   |
|link_out_2d_25_1_V  | out |   64|   ap_none  | link_out_2d_25_1_V |    pointer   |
|link_out_2d_25_2_V  | out |   64|   ap_none  | link_out_2d_25_2_V |    pointer   |
|link_out_2d_26_0_V  | out |   64|   ap_none  | link_out_2d_26_0_V |    pointer   |
|link_out_2d_26_1_V  | out |   64|   ap_none  | link_out_2d_26_1_V |    pointer   |
|link_out_2d_26_2_V  | out |   64|   ap_none  | link_out_2d_26_2_V |    pointer   |
|link_out_2d_27_0_V  | out |   64|   ap_none  | link_out_2d_27_0_V |    pointer   |
|link_out_2d_27_1_V  | out |   64|   ap_none  | link_out_2d_27_1_V |    pointer   |
|link_out_2d_27_2_V  | out |   64|   ap_none  | link_out_2d_27_2_V |    pointer   |
|link_out_2d_28_0_V  | out |   64|   ap_none  | link_out_2d_28_0_V |    pointer   |
|link_out_2d_28_1_V  | out |   64|   ap_none  | link_out_2d_28_1_V |    pointer   |
|link_out_2d_28_2_V  | out |   64|   ap_none  | link_out_2d_28_2_V |    pointer   |
|link_out_2d_29_0_V  | out |   64|   ap_none  | link_out_2d_29_0_V |    pointer   |
|link_out_2d_29_1_V  | out |   64|   ap_none  | link_out_2d_29_1_V |    pointer   |
|link_out_2d_29_2_V  | out |   64|   ap_none  | link_out_2d_29_2_V |    pointer   |
|link_out_2d_30_0_V  | out |   64|   ap_none  | link_out_2d_30_0_V |    pointer   |
|link_out_2d_30_1_V  | out |   64|   ap_none  | link_out_2d_30_1_V |    pointer   |
|link_out_2d_30_2_V  | out |   64|   ap_none  | link_out_2d_30_2_V |    pointer   |
|link_out_2d_31_0_V  | out |   64|   ap_none  | link_out_2d_31_0_V |    pointer   |
|link_out_2d_31_1_V  | out |   64|   ap_none  | link_out_2d_31_1_V |    pointer   |
|link_out_2d_31_2_V  | out |   64|   ap_none  | link_out_2d_31_2_V |    pointer   |
|link_out_2d_32_0_V  | out |   64|   ap_none  | link_out_2d_32_0_V |    pointer   |
|link_out_2d_32_1_V  | out |   64|   ap_none  | link_out_2d_32_1_V |    pointer   |
|link_out_2d_32_2_V  | out |   64|   ap_none  | link_out_2d_32_2_V |    pointer   |
|link_out_2d_33_0_V  | out |   64|   ap_none  | link_out_2d_33_0_V |    pointer   |
|link_out_2d_33_1_V  | out |   64|   ap_none  | link_out_2d_33_1_V |    pointer   |
|link_out_2d_33_2_V  | out |   64|   ap_none  | link_out_2d_33_2_V |    pointer   |
|link_out_2d_34_0_V  | out |   64|   ap_none  | link_out_2d_34_0_V |    pointer   |
|link_out_2d_34_1_V  | out |   64|   ap_none  | link_out_2d_34_1_V |    pointer   |
|link_out_2d_34_2_V  | out |   64|   ap_none  | link_out_2d_34_2_V |    pointer   |
|link_out_2d_35_0_V  | out |   64|   ap_none  | link_out_2d_35_0_V |    pointer   |
|link_out_2d_35_1_V  | out |   64|   ap_none  | link_out_2d_35_1_V |    pointer   |
|link_out_2d_35_2_V  | out |   64|   ap_none  | link_out_2d_35_2_V |    pointer   |
|link_out_2d_36_0_V  | out |   64|   ap_none  | link_out_2d_36_0_V |    pointer   |
|link_out_2d_36_1_V  | out |   64|   ap_none  | link_out_2d_36_1_V |    pointer   |
|link_out_2d_36_2_V  | out |   64|   ap_none  | link_out_2d_36_2_V |    pointer   |
|link_out_2d_37_0_V  | out |   64|   ap_none  | link_out_2d_37_0_V |    pointer   |
|link_out_2d_37_1_V  | out |   64|   ap_none  | link_out_2d_37_1_V |    pointer   |
|link_out_2d_37_2_V  | out |   64|   ap_none  | link_out_2d_37_2_V |    pointer   |
|link_out_2d_38_0_V  | out |   64|   ap_none  | link_out_2d_38_0_V |    pointer   |
|link_out_2d_38_1_V  | out |   64|   ap_none  | link_out_2d_38_1_V |    pointer   |
|link_out_2d_38_2_V  | out |   64|   ap_none  | link_out_2d_38_2_V |    pointer   |
|link_out_2d_39_0_V  | out |   64|   ap_none  | link_out_2d_39_0_V |    pointer   |
|link_out_2d_39_1_V  | out |   64|   ap_none  | link_out_2d_39_1_V |    pointer   |
|link_out_2d_39_2_V  | out |   64|   ap_none  | link_out_2d_39_2_V |    pointer   |
|link_out_2d_40_0_V  | out |   64|   ap_none  | link_out_2d_40_0_V |    pointer   |
|link_out_2d_40_1_V  | out |   64|   ap_none  | link_out_2d_40_1_V |    pointer   |
|link_out_2d_40_2_V  | out |   64|   ap_none  | link_out_2d_40_2_V |    pointer   |
|link_out_2d_41_0_V  | out |   64|   ap_none  | link_out_2d_41_0_V |    pointer   |
|link_out_2d_41_1_V  | out |   64|   ap_none  | link_out_2d_41_1_V |    pointer   |
|link_out_2d_41_2_V  | out |   64|   ap_none  | link_out_2d_41_2_V |    pointer   |
|link_out_2d_42_0_V  | out |   64|   ap_none  | link_out_2d_42_0_V |    pointer   |
|link_out_2d_42_1_V  | out |   64|   ap_none  | link_out_2d_42_1_V |    pointer   |
|link_out_2d_42_2_V  | out |   64|   ap_none  | link_out_2d_42_2_V |    pointer   |
|link_out_2d_43_0_V  | out |   64|   ap_none  | link_out_2d_43_0_V |    pointer   |
|link_out_2d_43_1_V  | out |   64|   ap_none  | link_out_2d_43_1_V |    pointer   |
|link_out_2d_43_2_V  | out |   64|   ap_none  | link_out_2d_43_2_V |    pointer   |
|link_out_2d_44_0_V  | out |   64|   ap_none  | link_out_2d_44_0_V |    pointer   |
|link_out_2d_44_1_V  | out |   64|   ap_none  | link_out_2d_44_1_V |    pointer   |
|link_out_2d_44_2_V  | out |   64|   ap_none  | link_out_2d_44_2_V |    pointer   |
|link_out_2d_45_0_V  | out |   64|   ap_none  | link_out_2d_45_0_V |    pointer   |
|link_out_2d_45_1_V  | out |   64|   ap_none  | link_out_2d_45_1_V |    pointer   |
|link_out_2d_45_2_V  | out |   64|   ap_none  | link_out_2d_45_2_V |    pointer   |
|link_out_2d_46_0_V  | out |   64|   ap_none  | link_out_2d_46_0_V |    pointer   |
|link_out_2d_46_1_V  | out |   64|   ap_none  | link_out_2d_46_1_V |    pointer   |
|link_out_2d_46_2_V  | out |   64|   ap_none  | link_out_2d_46_2_V |    pointer   |
|link_out_2d_47_0_V  | out |   64|   ap_none  | link_out_2d_47_0_V |    pointer   |
|link_out_2d_47_1_V  | out |   64|   ap_none  | link_out_2d_47_1_V |    pointer   |
|link_out_2d_47_2_V  | out |   64|   ap_none  | link_out_2d_47_2_V |    pointer   |
+--------------------+-----+-----+------------+--------------------+--------------+

